<?xml version="1.0" encoding="UTF-8"?>
<!-- Generated by org.testng.reporters.JUnitReportReporter -->
<testsuite hostname="MSI" failures="0" tests="5" name="testcasesrediffPortfolio.ManageSessionTest" time="188.976" errors="0" timestamp="2025-12-06T13:59:25 IST" skipped="0">
  <testcase classname="testcasesrediffPortfolio.ManageSessionTest" name="doLogin" time="36.946"/>
  <testcase classname="testcasesrediffPortfolio.ManageSessionTest" name="doLogin" time="37.148"/>
  <testcase classname="testcasesrediffPortfolio.ManageSessionTest" name="doLogin" time="41.933"/>
  <testcase classname="testcasesrediffPortfolio.ManageSessionTest" name="doLogin" time="36.228"/>
  <testcase classname="testcasesrediffPortfolio.ManageSessionTest" name="doLogin" time="36.721"/>
</testsuite> <!-- testcasesrediffPortfolio.ManageSessionTest -->
