<?xml version="1.0" encoding="UTF-8"?>
<!-- Generated by org.testng.reporters.JUnitReportReporter -->
<testsuite hostname="MSI" failures="2" tests="19" name="testcasesrediffPortfolio.ManageStocksTest" time="1249.272" errors="1" timestamp="2025-12-06T13:59:25 IST" skipped="0">
  <testcase classname="testcasesrediffPortfolio.ManageStocksTest" name="verifyStockIsPresent" time="61.048"/>
  <testcase classname="testcasesrediffPortfolio.ManageStocksTest" name="verifyStockIsPresent" time="18.477">
    <error message="stale element reference: stale element not found
  (Session info: chrome=142.0.7444.176)
For documentation on this error, please visit: https://www.selenium.dev/documentation/webdriver/troubleshooting/errors#stale-element-reference-exception
Build info: version: &#039;4.35.0&#039;, revision: &#039;1c58e5028b&#039;
System info: os.name: &#039;Windows 11&#039;, os.arch: &#039;amd64&#039;, os.version: &#039;10.0&#039;, java.version: &#039;23.0.2&#039;
Driver info: org.openqa.selenium.chrome.ChromeDriver
Command: [a5646baa7c8c7290096f091880115683, findChildElements {using=tag name, value=td, id=f.9DA39E1757B834EAFA5735E1F9FD8C46.d.796E6969DFECACBFB2A327DD8FFF7406.e.539}]
Capabilities {acceptInsecureCerts: false, browserName: chrome, browserVersion: 142.0.7444.176, chrome: {chromedriverVersion: 142.0.7444.175 (302067f14a4..., userDataDir: C:\Users\owais\AppData\Loca...}, fedcm:accounts: true, goog:chromeOptions: {debuggerAddress: localhost:24295}, goog:processID: 5152, networkConnectionEnabled: false, pageLoadStrategy: normal, platformName: windows, proxy: Proxy(), se:cdp: ws://localhost:24295/devtoo..., se:cdpVersion: 142.0.7444.176, setWindowRect: true, strictFileInteractability: false, timeouts: {implicit: 0, pageLoad: 300000, script: 30000}, unhandledPromptBehavior: dismiss and notify, webauthn:extension:credBlob: true, webauthn:extension:largeBlob: true, webauthn:extension:minPinLength: true, webauthn:extension:prf: true, webauthn:virtualAuthenticators: true}
Session ID: a5646baa7c8c7290096f091880115683" type="org.openqa.selenium.StaleElementReferenceException">
      <![CDATA[org.openqa.selenium.StaleElementReferenceException: stale element reference: stale element not found
  (Session info: chrome=142.0.7444.176)
For documentation on this error, please visit: https://www.selenium.dev/documentation/webdriver/troubleshooting/errors#stale-element-reference-exception
Build info: version: '4.35.0', revision: '1c58e5028b'
System info: os.name: 'Windows 11', os.arch: 'amd64', os.version: '10.0', java.version: '23.0.2'
Driver info: org.openqa.selenium.chrome.ChromeDriver
Command: [a5646baa7c8c7290096f091880115683, findChildElements {using=tag name, value=td, id=f.9DA39E1757B834EAFA5735E1F9FD8C46.d.796E6969DFECACBFB2A327DD8FFF7406.e.539}]
Capabilities {acceptInsecureCerts: false, browserName: chrome, browserVersion: 142.0.7444.176, chrome: {chromedriverVersion: 142.0.7444.175 (302067f14a4..., userDataDir: C:\Users\owais\AppData\Loca...}, fedcm:accounts: true, goog:chromeOptions: {debuggerAddress: localhost:24295}, goog:processID: 5152, networkConnectionEnabled: false, pageLoadStrategy: normal, platformName: windows, proxy: Proxy(), se:cdp: ws://localhost:24295/devtoo..., se:cdpVersion: 142.0.7444.176, setWindowRect: true, strictFileInteractability: false, timeouts: {implicit: 0, pageLoad: 300000, script: 30000}, unhandledPromptBehavior: dismiss and notify, webauthn:extension:credBlob: true, webauthn:extension:largeBlob: true, webauthn:extension:minPinLength: true, webauthn:extension:prf: true, webauthn:virtualAuthenticators: true}
Session ID: a5646baa7c8c7290096f091880115683
at java.base/jdk.internal.reflect.DirectConstructorHandleAccessor.newInstance(DirectConstructorHandleAccessor.java:62)
at java.base/java.lang.reflect.Constructor.newInstanceWithCaller(Constructor.java:501)
at java.base/java.lang.reflect.Constructor.newInstance(Constructor.java:485)
at org.openqa.selenium.remote.ErrorCodec.decode(ErrorCodec.java:167)
at org.openqa.selenium.remote.codec.w3c.W3CHttpResponseCodec.decode(W3CHttpResponseCodec.java:138)
at org.openqa.selenium.remote.codec.w3c.W3CHttpResponseCodec.decode(W3CHttpResponseCodec.java:50)
at org.openqa.selenium.remote.HttpCommandExecutor.execute(HttpCommandExecutor.java:215)
at org.openqa.selenium.remote.service.DriverCommandExecutor.invokeExecute(DriverCommandExecutor.java:216)
at org.openqa.selenium.remote.service.DriverCommandExecutor.execute(DriverCommandExecutor.java:174)
at org.openqa.selenium.remote.RemoteWebDriver.execute(RemoteWebDriver.java:557)
at org.openqa.selenium.remote.ElementLocation$ElementFinder$2.findElements(ElementLocation.java:182)
at org.openqa.selenium.remote.ElementLocation.findElements(ElementLocation.java:103)
at org.openqa.selenium.remote.RemoteWebDriver.findElements(RemoteWebDriver.java:393)
at org.openqa.selenium.remote.RemoteWebElement.findElements(RemoteWebElement.java:203)
at Keywords.ApplicationKeywords.getRowNumWithCellData(ApplicationKeywords.java:109)
at testcasesrediffPortfolio.ManageStocksTest.verifyStockIsPresent(ManageStocksTest.java:126)
at java.base/jdk.internal.reflect.DirectMethodHandleAccessor.invoke(DirectMethodHandleAccessor.java:103)
at java.base/java.lang.reflect.Method.invoke(Method.java:580)
at org.testng.internal.invokers.MethodInvocationHelper.invokeMethod(MethodInvocationHelper.java:141)
at org.testng.internal.invokers.TestInvoker.invokeMethod(TestInvoker.java:687)
at org.testng.internal.invokers.TestInvoker.invokeTestMethod(TestInvoker.java:230)
at org.testng.internal.invokers.MethodRunner.runInSequence(MethodRunner.java:63)
at org.testng.internal.invokers.TestInvoker$MethodInvocationAgent.invoke(TestInvoker.java:995)
at org.testng.internal.invokers.TestInvoker.invokeTestMethods(TestInvoker.java:203)
at org.testng.internal.invokers.TestMethodWorker.invokeTestMethods(TestMethodWorker.java:154)
at org.testng.internal.invokers.TestMethodWorker.run(TestMethodWorker.java:134)
at java.base/java.util.ArrayList.forEach(ArrayList.java:1597)
at org.testng.TestRunner.privateRun(TestRunner.java:741)
at org.testng.TestRunner.run(TestRunner.java:616)
at org.testng.SuiteRunner.runTest(SuiteRunner.java:421)
at org.testng.SuiteRunner.runSequentially(SuiteRunner.java:413)
at org.testng.SuiteRunner.privateRun(SuiteRunner.java:373)
at org.testng.SuiteRunner.run(SuiteRunner.java:312)
at org.testng.SuiteRunnerWorker.runSuite(SuiteRunnerWorker.java:52)
at org.testng.SuiteRunnerWorker.run(SuiteRunnerWorker.java:95)
at org.testng.TestNG.runSuitesSequentially(TestNG.java:1274)
at org.testng.TestNG.runSuitesLocally(TestNG.java:1208)
at org.testng.TestNG.runSuites(TestNG.java:1112)
at org.testng.TestNG.run(TestNG.java:1079)
at runner.TestNGRunner.run(TestNGRunner.java:45)
at runner.JSONRunner.main(JSONRunner.java:118)
]]>
    </error>
  </testcase> <!-- verifyStockIsPresent -->
  <testcase classname="testcasesrediffPortfolio.ManageStocksTest" name="afterMethod" time="0.014">
    <failure message="The following asserts failed:
	Got quantity in transection History as -100" type="java.lang.AssertionError">
      <![CDATA[java.lang.AssertionError: The following asserts failed:
Got quantity in transection History as -100
at org.testng.asserts.SoftAssert.assertAll(SoftAssert.java:46)
at org.testng.asserts.SoftAssert.assertAll(SoftAssert.java:30)
at Keywords.GenericKeywords.reportAll(GenericKeywords.java:112)
at testbase.BaseTest.afterMethod(BaseTest.java:101)
at java.base/jdk.internal.reflect.DirectMethodHandleAccessor.invoke(DirectMethodHandleAccessor.java:103)
at java.base/java.lang.reflect.Method.invoke(Method.java:580)
at org.testng.internal.invokers.MethodInvocationHelper.invokeMethod(MethodInvocationHelper.java:141)
at org.testng.internal.invokers.MethodInvocationHelper.invokeMethodConsideringTimeout(MethodInvocationHelper.java:71)
at org.testng.internal.invokers.ConfigInvoker.invokeConfigurationMethod(ConfigInvoker.java:400)
at org.testng.internal.invokers.ConfigInvoker.invokeConfigurations(ConfigInvoker.java:333)
at org.testng.internal.invokers.TestInvoker.runConfigMethods(TestInvoker.java:836)
at org.testng.internal.invokers.TestInvoker.runAfterConfigurations(TestInvoker.java:805)
at org.testng.internal.invokers.TestInvoker.invokeMethod(TestInvoker.java:781)
at org.testng.internal.invokers.TestInvoker.invokeTestMethod(TestInvoker.java:230)
at org.testng.internal.invokers.MethodRunner.runInSequence(MethodRunner.java:63)
at org.testng.internal.invokers.TestInvoker$MethodInvocationAgent.invoke(TestInvoker.java:995)
at org.testng.internal.invokers.TestInvoker.invokeTestMethods(TestInvoker.java:203)
at org.testng.internal.invokers.TestMethodWorker.invokeTestMethods(TestMethodWorker.java:154)
at org.testng.internal.invokers.TestMethodWorker.run(TestMethodWorker.java:134)
at java.base/java.util.ArrayList.forEach(ArrayList.java:1597)
at org.testng.TestRunner.privateRun(TestRunner.java:741)
at org.testng.TestRunner.run(TestRunner.java:616)
at org.testng.SuiteRunner.runTest(SuiteRunner.java:421)
at org.testng.SuiteRunner.runSequentially(SuiteRunner.java:413)
at org.testng.SuiteRunner.privateRun(SuiteRunner.java:373)
at org.testng.SuiteRunner.run(SuiteRunner.java:312)
at org.testng.SuiteRunnerWorker.runSuite(SuiteRunnerWorker.java:52)
at org.testng.SuiteRunnerWorker.run(SuiteRunnerWorker.java:95)
at org.testng.TestNG.runSuitesSequentially(TestNG.java:1274)
at org.testng.TestNG.runSuitesLocally(TestNG.java:1208)
at org.testng.TestNG.runSuites(TestNG.java:1112)
at org.testng.TestNG.run(TestNG.java:1079)
at runner.TestNGRunner.run(TestNGRunner.java:45)
at runner.JSONRunner.main(JSONRunner.java:118)
]]>
    </failure>
  </testcase> <!-- afterMethod -->
  <testcase classname="testcasesrediffPortfolio.ManageStocksTest" name="modifyStock" time="138.119"/>
  <testcase classname="testcasesrediffPortfolio.ManageStocksTest" name="verifyStockIsPresent" time="60.318"/>
  <testcase classname="testcasesrediffPortfolio.ManageStocksTest" name="verifyTransictionHistory" time="63.300"/>
  <testcase classname="testcasesrediffPortfolio.ManageStocksTest" name="addStockTest" time="22.872"/>
  <testcase classname="testcasesrediffPortfolio.ManageStocksTest" name="verifyTransictionHistory" time="62.957"/>
  <testcase classname="testcasesrediffPortfolio.ManageStocksTest" name="verifyStockIsPresent" time="60.358"/>
  <testcase classname="testcasesrediffPortfolio.ManageStocksTest" name="verifyStockQuantity" time="60.327"/>
  <testcase classname="testcasesrediffPortfolio.ManageStocksTest" name="verifyTransictionHistory" time="63.183">
    <failure message="The following asserts failed:
	Got quantity in transection History as -100" type="java.lang.AssertionError">
      <![CDATA[java.lang.AssertionError: The following asserts failed:
Got quantity in transection History as -100
at org.testng.asserts.SoftAssert.assertAll(SoftAssert.java:46)
at org.testng.asserts.SoftAssert.assertAll(SoftAssert.java:30)
at Keywords.GenericKeywords.reportAll(GenericKeywords.java:112)
at Keywords.GenericKeywords.reportFailure(GenericKeywords.java:100)
at testcasesrediffPortfolio.ManageStocksTest.verifyTransictionHistory(ManageStocksTest.java:87)
at java.base/jdk.internal.reflect.DirectMethodHandleAccessor.invoke(DirectMethodHandleAccessor.java:103)
at java.base/java.lang.reflect.Method.invoke(Method.java:580)
at org.testng.internal.invokers.MethodInvocationHelper.invokeMethod(MethodInvocationHelper.java:141)
at org.testng.internal.invokers.TestInvoker.invokeMethod(TestInvoker.java:687)
at org.testng.internal.invokers.TestInvoker.invokeTestMethod(TestInvoker.java:230)
at org.testng.internal.invokers.MethodRunner.runInSequence(MethodRunner.java:63)
at org.testng.internal.invokers.TestInvoker$MethodInvocationAgent.invoke(TestInvoker.java:995)
at org.testng.internal.invokers.TestInvoker.invokeTestMethods(TestInvoker.java:203)
at org.testng.internal.invokers.TestMethodWorker.invokeTestMethods(TestMethodWorker.java:154)
at org.testng.internal.invokers.TestMethodWorker.run(TestMethodWorker.java:134)
at java.base/java.util.ArrayList.forEach(ArrayList.java:1597)
at org.testng.TestRunner.privateRun(TestRunner.java:741)
at org.testng.TestRunner.run(TestRunner.java:616)
at org.testng.SuiteRunner.runTest(SuiteRunner.java:421)
at org.testng.SuiteRunner.runSequentially(SuiteRunner.java:413)
at org.testng.SuiteRunner.privateRun(SuiteRunner.java:373)
at org.testng.SuiteRunner.run(SuiteRunner.java:312)
at org.testng.SuiteRunnerWorker.runSuite(SuiteRunnerWorker.java:52)
at org.testng.SuiteRunnerWorker.run(SuiteRunnerWorker.java:95)
at org.testng.TestNG.runSuitesSequentially(TestNG.java:1274)
at org.testng.TestNG.runSuitesLocally(TestNG.java:1208)
at org.testng.TestNG.runSuites(TestNG.java:1112)
at org.testng.TestNG.run(TestNG.java:1079)
at runner.TestNGRunner.run(TestNGRunner.java:45)
at runner.JSONRunner.main(JSONRunner.java:118)
]]>
    </failure>
  </testcase> <!-- verifyTransictionHistory -->
  <testcase classname="testcasesrediffPortfolio.ManageStocksTest" name="verifyStockQuantity" time="60.445"/>
  <testcase classname="testcasesrediffPortfolio.ManageStocksTest" name="verifyStockIsPresent" time="61.021"/>
  <testcase classname="testcasesrediffPortfolio.ManageStocksTest" name="modifyStock" time="143.801"/>
  <testcase classname="testcasesrediffPortfolio.ManageStocksTest" name="verifyTransictionHistory" time="63.279"/>
  <testcase classname="testcasesrediffPortfolio.ManageStocksTest" name="addStockTest" time="40.744"/>
  <testcase classname="testcasesrediffPortfolio.ManageStocksTest" name="verifyTransictionHistory" time="64.249"/>
  <testcase classname="testcasesrediffPortfolio.ManageStocksTest" name="modifyStock" time="143.481"/>
  <testcase classname="testcasesrediffPortfolio.ManageStocksTest" name="verifyStockQuantity" time="61.279"/>
</testsuite> <!-- testcasesrediffPortfolio.ManageStocksTest -->
