<?xml version="1.0" encoding="UTF-8"?>
<testng-results ignored="27" total="55" passed="26" failed="2" skipped="0">
  <reporter-output>
  </reporter-output>
  <suite started-at="2025-12-06T13:34:54 IST" name="Manage Stocks" finished-at="2025-12-06T13:59:25 IST" duration-ms="1471155">
    <groups>
    </groups>
    <test started-at="2025-12-06T13:34:54 IST" name="Manage Stocks : Add Stocks in Portfolio 1" finished-at="2025-12-06T13:37:43 IST" duration-ms="168996">
      <class name="testcasesrediffPortfolio.ManageSessionTest">
        <test-method is-config="true" signature="beforeTest(org.testng.ITestContext)[pri:0, instance:testcasesrediffPortfolio.ManageSessionTest@71d15f18]" started-at="2025-12-06T13:34:54 IST" name="beforeTest" finished-at="2025-12-06T13:34:54 IST" duration-ms="413" status="PASS">
          <params>
            <param index="0">
              <value>
                <![CDATA[org.testng.TestRunner@1b19712f]]>
              </value>
            </param>
          </params>
          <reporter-output>
          </reporter-output>
        </test-method> <!-- beforeTest -->
        <test-method is-config="true" signature="beforeMethod(org.testng.ITestContext)[pri:0, instance:testcasesrediffPortfolio.ManageSessionTest@71d15f18]" started-at="2025-12-06T13:34:54 IST" name="beforeMethod" finished-at="2025-12-06T13:34:54 IST" duration-ms="1" status="PASS">
          <params>
            <param index="0">
              <value>
                <![CDATA[org.testng.TestRunner@1b19712f]]>
              </value>
            </param>
          </params>
          <reporter-output>
          </reporter-output>
        </test-method> <!-- beforeMethod -->
        <test-method signature="doLogin()[pri:0, instance:testcasesrediffPortfolio.ManageSessionTest@71d15f18]" started-at="2025-12-06T13:34:54 IST" name="doLogin" finished-at="2025-12-06T13:35:31 IST" duration-ms="37145" status="PASS">
          <reporter-output>
          </reporter-output>
        </test-method> <!-- doLogin -->
        <test-method is-config="true" signature="afterMethod(org.testng.ITestContext)[pri:0, instance:testcasesrediffPortfolio.ManageSessionTest@71d15f18]" started-at="2025-12-06T13:35:31 IST" name="afterMethod" finished-at="2025-12-06T13:35:31 IST" duration-ms="2" status="PASS">
          <params>
            <param index="0">
              <value>
                <![CDATA[org.testng.TestRunner@1b19712f]]>
              </value>
            </param>
          </params>
          <reporter-output>
          </reporter-output>
        </test-method> <!-- afterMethod -->
        <test-method is-config="true" signature="afterTest(org.testng.ITestContext)[pri:0, instance:testcasesrediffPortfolio.ManageSessionTest@71d15f18]" started-at="2025-12-06T13:37:42 IST" name="afterTest" finished-at="2025-12-06T13:37:43 IST" duration-ms="618" status="PASS">
          <params>
            <param index="0">
              <value>
                <![CDATA[org.testng.TestRunner@1b19712f]]>
              </value>
            </param>
          </params>
          <reporter-output>
          </reporter-output>
        </test-method> <!-- afterTest -->
      </class> <!-- testcasesrediffPortfolio.ManageSessionTest -->
      <class name="testcasesrediffPortfolio.ManagePortfolioTest">
        <test-method signature="selectePortfolio(org.testng.ITestContext)[pri:0, instance:testcasesrediffPortfolio.ManagePortfolioTest@3d8314f0]" started-at="2025-12-06T13:35:31 IST" name="selectePortfolio" finished-at="2025-12-06T13:35:40 IST" duration-ms="8575" status="PASS">
          <params>
            <param index="0">
              <value>
                <![CDATA[org.testng.TestRunner@1b19712f]]>
              </value>
            </param>
          </params>
          <reporter-output>
          </reporter-output>
        </test-method> <!-- selectePortfolio -->
        <test-method is-config="true" signature="beforeMethod(org.testng.ITestContext)[pri:0, instance:testcasesrediffPortfolio.ManagePortfolioTest@3d8314f0]" started-at="2025-12-06T13:35:31 IST" name="beforeMethod" finished-at="2025-12-06T13:35:31 IST" duration-ms="0" status="PASS">
          <params>
            <param index="0">
              <value>
                <![CDATA[org.testng.TestRunner@1b19712f]]>
              </value>
            </param>
          </params>
          <reporter-output>
          </reporter-output>
        </test-method> <!-- beforeMethod -->
        <test-method is-config="true" signature="afterMethod(org.testng.ITestContext)[pri:0, instance:testcasesrediffPortfolio.ManagePortfolioTest@3d8314f0]" started-at="2025-12-06T13:35:40 IST" name="afterMethod" finished-at="2025-12-06T13:35:40 IST" duration-ms="0" status="PASS">
          <params>
            <param index="0">
              <value>
                <![CDATA[org.testng.TestRunner@1b19712f]]>
              </value>
            </param>
          </params>
          <reporter-output>
          </reporter-output>
        </test-method> <!-- afterMethod -->
      </class> <!-- testcasesrediffPortfolio.ManagePortfolioTest -->
      <class name="testcasesrediffPortfolio.ManageStocksTest">
        <test-method signature="addStockTest(org.testng.ITestContext)[pri:0, instance:testcasesrediffPortfolio.ManageStocksTest@2df32bf7]" started-at="2025-12-06T13:35:40 IST" name="addStockTest" finished-at="2025-12-06T13:36:20 IST" duration-ms="40744" status="PASS">
          <params>
            <param index="0">
              <value>
                <![CDATA[org.testng.TestRunner@1b19712f]]>
              </value>
            </param>
          </params>
          <reporter-output>
          </reporter-output>
        </test-method> <!-- addStockTest -->
        <test-method is-config="true" signature="beforeMethod(org.testng.ITestContext)[pri:0, instance:testcasesrediffPortfolio.ManageStocksTest@2df32bf7]" started-at="2025-12-06T13:35:40 IST" name="beforeMethod" finished-at="2025-12-06T13:35:40 IST" duration-ms="0" status="PASS">
          <params>
            <param index="0">
              <value>
                <![CDATA[org.testng.TestRunner@1b19712f]]>
              </value>
            </param>
          </params>
          <reporter-output>
          </reporter-output>
        </test-method> <!-- beforeMethod -->
        <test-method is-config="true" signature="afterMethod(org.testng.ITestContext)[pri:0, instance:testcasesrediffPortfolio.ManageStocksTest@2df32bf7]" started-at="2025-12-06T13:36:20 IST" name="afterMethod" finished-at="2025-12-06T13:36:20 IST" duration-ms="2" status="PASS">
          <params>
            <param index="0">
              <value>
                <![CDATA[org.testng.TestRunner@1b19712f]]>
              </value>
            </param>
          </params>
          <reporter-output>
          </reporter-output>
        </test-method> <!-- afterMethod -->
        <test-method is-config="true" signature="beforeMethod(org.testng.ITestContext)[pri:0, instance:testcasesrediffPortfolio.ManageStocksTest@2df32bf7]" started-at="2025-12-06T13:36:20 IST" name="beforeMethod" finished-at="2025-12-06T13:36:20 IST" duration-ms="1" status="PASS">
          <params>
            <param index="0">
              <value>
                <![CDATA[org.testng.TestRunner@1b19712f]]>
              </value>
            </param>
          </params>
          <reporter-output>
          </reporter-output>
        </test-method> <!-- beforeMethod -->
        <test-method signature="verifyStockIsPresent(org.testng.ITestContext)[pri:0, instance:testcasesrediffPortfolio.ManageStocksTest@2df32bf7]" started-at="2025-12-06T13:36:20 IST" name="verifyStockIsPresent" finished-at="2025-12-06T13:36:39 IST" duration-ms="18476" status="FAIL">
          <params>
            <param index="0">
              <value>
                <![CDATA[org.testng.TestRunner@1b19712f]]>
              </value>
            </param>
          </params>
          <exception class="org.openqa.selenium.StaleElementReferenceException">
            <message>
              <![CDATA[stale element reference: stale element not found
  (Session info: chrome=142.0.7444.176)
For documentation on this error, please visit: https://www.selenium.dev/documentation/webdriver/troubleshooting/errors#stale-element-reference-exception
Build info: version: '4.35.0', revision: '1c58e5028b'
System info: os.name: 'Windows 11', os.arch: 'amd64', os.version: '10.0', java.version: '23.0.2'
Driver info: org.openqa.selenium.chrome.ChromeDriver
Command: [a5646baa7c8c7290096f091880115683, findChildElements {using=tag name, value=td, id=f.9DA39E1757B834EAFA5735E1F9FD8C46.d.796E6969DFECACBFB2A327DD8FFF7406.e.539}]
Capabilities {acceptInsecureCerts: false, browserName: chrome, browserVersion: 142.0.7444.176, chrome: {chromedriverVersion: 142.0.7444.175 (302067f14a4..., userDataDir: C:\Users\owais\AppData\Loca...}, fedcm:accounts: true, goog:chromeOptions: {debuggerAddress: localhost:24295}, goog:processID: 5152, networkConnectionEnabled: false, pageLoadStrategy: normal, platformName: windows, proxy: Proxy(), se:cdp: ws://localhost:24295/devtoo..., se:cdpVersion: 142.0.7444.176, setWindowRect: true, strictFileInteractability: false, timeouts: {implicit: 0, pageLoad: 300000, script: 30000}, unhandledPromptBehavior: dismiss and notify, webauthn:extension:credBlob: true, webauthn:extension:largeBlob: true, webauthn:extension:minPinLength: true, webauthn:extension:prf: true, webauthn:virtualAuthenticators: true}
Session ID: a5646baa7c8c7290096f091880115683]]>
            </message>
            <full-stacktrace>
              <![CDATA[org.openqa.selenium.StaleElementReferenceException: stale element reference: stale element not found
  (Session info: chrome=142.0.7444.176)
For documentation on this error, please visit: https://www.selenium.dev/documentation/webdriver/troubleshooting/errors#stale-element-reference-exception
Build info: version: '4.35.0', revision: '1c58e5028b'
System info: os.name: 'Windows 11', os.arch: 'amd64', os.version: '10.0', java.version: '23.0.2'
Driver info: org.openqa.selenium.chrome.ChromeDriver
Command: [a5646baa7c8c7290096f091880115683, findChildElements {using=tag name, value=td, id=f.9DA39E1757B834EAFA5735E1F9FD8C46.d.796E6969DFECACBFB2A327DD8FFF7406.e.539}]
Capabilities {acceptInsecureCerts: false, browserName: chrome, browserVersion: 142.0.7444.176, chrome: {chromedriverVersion: 142.0.7444.175 (302067f14a4..., userDataDir: C:\Users\owais\AppData\Loca...}, fedcm:accounts: true, goog:chromeOptions: {debuggerAddress: localhost:24295}, goog:processID: 5152, networkConnectionEnabled: false, pageLoadStrategy: normal, platformName: windows, proxy: Proxy(), se:cdp: ws://localhost:24295/devtoo..., se:cdpVersion: 142.0.7444.176, setWindowRect: true, strictFileInteractability: false, timeouts: {implicit: 0, pageLoad: 300000, script: 30000}, unhandledPromptBehavior: dismiss and notify, webauthn:extension:credBlob: true, webauthn:extension:largeBlob: true, webauthn:extension:minPinLength: true, webauthn:extension:prf: true, webauthn:virtualAuthenticators: true}
Session ID: a5646baa7c8c7290096f091880115683
at java.base/jdk.internal.reflect.DirectConstructorHandleAccessor.newInstance(DirectConstructorHandleAccessor.java:62)
at java.base/java.lang.reflect.Constructor.newInstanceWithCaller(Constructor.java:501)
at java.base/java.lang.reflect.Constructor.newInstance(Constructor.java:485)
at org.openqa.selenium.remote.ErrorCodec.decode(ErrorCodec.java:167)
at org.openqa.selenium.remote.codec.w3c.W3CHttpResponseCodec.decode(W3CHttpResponseCodec.java:138)
at org.openqa.selenium.remote.codec.w3c.W3CHttpResponseCodec.decode(W3CHttpResponseCodec.java:50)
at org.openqa.selenium.remote.HttpCommandExecutor.execute(HttpCommandExecutor.java:215)
at org.openqa.selenium.remote.service.DriverCommandExecutor.invokeExecute(DriverCommandExecutor.java:216)
at org.openqa.selenium.remote.service.DriverCommandExecutor.execute(DriverCommandExecutor.java:174)
at org.openqa.selenium.remote.RemoteWebDriver.execute(RemoteWebDriver.java:557)
at org.openqa.selenium.remote.ElementLocation$ElementFinder$2.findElements(ElementLocation.java:182)
at org.openqa.selenium.remote.ElementLocation.findElements(ElementLocation.java:103)
at org.openqa.selenium.remote.RemoteWebDriver.findElements(RemoteWebDriver.java:393)
at org.openqa.selenium.remote.RemoteWebElement.findElements(RemoteWebElement.java:203)
at Keywords.ApplicationKeywords.getRowNumWithCellData(ApplicationKeywords.java:109)
at testcasesrediffPortfolio.ManageStocksTest.verifyStockIsPresent(ManageStocksTest.java:126)
at java.base/jdk.internal.reflect.DirectMethodHandleAccessor.invoke(DirectMethodHandleAccessor.java:103)
at java.base/java.lang.reflect.Method.invoke(Method.java:580)
at org.testng.internal.invokers.MethodInvocationHelper.invokeMethod(MethodInvocationHelper.java:141)
at org.testng.internal.invokers.TestInvoker.invokeMethod(TestInvoker.java:687)
at org.testng.internal.invokers.TestInvoker.invokeTestMethod(TestInvoker.java:230)
at org.testng.internal.invokers.MethodRunner.runInSequence(MethodRunner.java:63)
at org.testng.internal.invokers.TestInvoker$MethodInvocationAgent.invoke(TestInvoker.java:995)
at org.testng.internal.invokers.TestInvoker.invokeTestMethods(TestInvoker.java:203)
at org.testng.internal.invokers.TestMethodWorker.invokeTestMethods(TestMethodWorker.java:154)
at org.testng.internal.invokers.TestMethodWorker.run(TestMethodWorker.java:134)
at java.base/java.util.ArrayList.forEach(ArrayList.java:1597)
at org.testng.TestRunner.privateRun(TestRunner.java:741)
at org.testng.TestRunner.run(TestRunner.java:616)
at org.testng.SuiteRunner.runTest(SuiteRunner.java:421)
at org.testng.SuiteRunner.runSequentially(SuiteRunner.java:413)
at org.testng.SuiteRunner.privateRun(SuiteRunner.java:373)
at org.testng.SuiteRunner.run(SuiteRunner.java:312)
at org.testng.SuiteRunnerWorker.runSuite(SuiteRunnerWorker.java:52)
at org.testng.SuiteRunnerWorker.run(SuiteRunnerWorker.java:95)
at org.testng.TestNG.runSuitesSequentially(TestNG.java:1274)
at org.testng.TestNG.runSuitesLocally(TestNG.java:1208)
at org.testng.TestNG.runSuites(TestNG.java:1112)
at org.testng.TestNG.run(TestNG.java:1079)
at runner.TestNGRunner.run(TestNGRunner.java:45)
at runner.JSONRunner.main(JSONRunner.java:118)
]]>
            </full-stacktrace>
          </exception> <!-- org.openqa.selenium.StaleElementReferenceException -->
          <reporter-output>
          </reporter-output>
        </test-method> <!-- verifyStockIsPresent -->
        <test-method is-config="true" signature="afterMethod(org.testng.ITestContext)[pri:0, instance:testcasesrediffPortfolio.ManageStocksTest@2df32bf7]" started-at="2025-12-06T13:36:39 IST" name="afterMethod" finished-at="2025-12-06T13:36:39 IST" duration-ms="0" status="PASS">
          <params>
            <param index="0">
              <value>
                <![CDATA[org.testng.TestRunner@1b19712f]]>
              </value>
            </param>
          </params>
          <reporter-output>
          </reporter-output>
        </test-method> <!-- afterMethod -->
        <test-method signature="verifyTransictionHistory(java.lang.String,org.testng.ITestContext)[pri:0, instance:testcasesrediffPortfolio.ManageStocksTest@2df32bf7]" started-at="2025-12-06T13:36:39 IST" name="verifyTransictionHistory" finished-at="2025-12-06T13:37:42 IST" duration-ms="62955" status="PASS">
          <params>
            <param index="0">
              <value>
                <![CDATA[addStock]]>
              </value>
            </param>
            <param index="1">
              <value>
                <![CDATA[org.testng.TestRunner@1b19712f]]>
              </value>
            </param>
          </params>
          <reporter-output>
          </reporter-output>
        </test-method> <!-- verifyTransictionHistory -->
        <test-method is-config="true" signature="beforeMethod(org.testng.ITestContext)[pri:0, instance:testcasesrediffPortfolio.ManageStocksTest@2df32bf7]" started-at="2025-12-06T13:36:39 IST" name="beforeMethod" finished-at="2025-12-06T13:36:39 IST" duration-ms="0" status="PASS">
          <params>
            <param index="0">
              <value>
                <![CDATA[org.testng.TestRunner@1b19712f]]>
              </value>
            </param>
          </params>
          <reporter-output>
          </reporter-output>
        </test-method> <!-- beforeMethod -->
        <test-method is-config="true" signature="afterMethod(org.testng.ITestContext)[pri:0, instance:testcasesrediffPortfolio.ManageStocksTest@2df32bf7]" started-at="2025-12-06T13:37:42 IST" name="afterMethod" finished-at="2025-12-06T13:37:42 IST" duration-ms="0" status="PASS">
          <params>
            <param index="0">
              <value>
                <![CDATA[org.testng.TestRunner@1b19712f]]>
              </value>
            </param>
          </params>
          <reporter-output>
          </reporter-output>
        </test-method> <!-- afterMethod -->
      </class> <!-- testcasesrediffPortfolio.ManageStocksTest -->
    </test> <!-- Manage Stocks : Add Stocks in Portfolio 1 -->
    <test started-at="2025-12-06T13:37:43 IST" name="Manage Stocks : Add Stocks in Portfolio 2" finished-at="2025-12-06T13:40:51 IST" duration-ms="188689">
      <class name="testcasesrediffPortfolio.ManageSessionTest">
        <test-method is-config="true" signature="beforeTest(org.testng.ITestContext)[pri:0, instance:testcasesrediffPortfolio.ManageSessionTest@473b46c3]" started-at="2025-12-06T13:37:43 IST" name="beforeTest" finished-at="2025-12-06T13:37:43 IST" duration-ms="2" status="PASS">
          <params>
            <param index="0">
              <value>
                <![CDATA[org.testng.TestRunner@3fcb737]]>
              </value>
            </param>
          </params>
          <reporter-output>
          </reporter-output>
        </test-method> <!-- beforeTest -->
        <test-method is-config="true" signature="beforeMethod(org.testng.ITestContext)[pri:0, instance:testcasesrediffPortfolio.ManageSessionTest@473b46c3]" started-at="2025-12-06T13:37:43 IST" name="beforeMethod" finished-at="2025-12-06T13:37:43 IST" duration-ms="0" status="PASS">
          <params>
            <param index="0">
              <value>
                <![CDATA[org.testng.TestRunner@3fcb737]]>
              </value>
            </param>
          </params>
          <reporter-output>
          </reporter-output>
        </test-method> <!-- beforeMethod -->
        <test-method signature="doLogin()[pri:0, instance:testcasesrediffPortfolio.ManageSessionTest@473b46c3]" started-at="2025-12-06T13:37:43 IST" name="doLogin" finished-at="2025-12-06T13:38:19 IST" duration-ms="36228" status="PASS">
          <reporter-output>
          </reporter-output>
        </test-method> <!-- doLogin -->
        <test-method is-config="true" signature="afterMethod(org.testng.ITestContext)[pri:0, instance:testcasesrediffPortfolio.ManageSessionTest@473b46c3]" started-at="2025-12-06T13:38:19 IST" name="afterMethod" finished-at="2025-12-06T13:38:19 IST" duration-ms="0" status="PASS">
          <params>
            <param index="0">
              <value>
                <![CDATA[org.testng.TestRunner@3fcb737]]>
              </value>
            </param>
          </params>
          <reporter-output>
          </reporter-output>
        </test-method> <!-- afterMethod -->
        <test-method is-config="true" signature="afterTest(org.testng.ITestContext)[pri:0, instance:testcasesrediffPortfolio.ManageSessionTest@473b46c3]" started-at="2025-12-06T13:40:51 IST" name="afterTest" finished-at="2025-12-06T13:40:51 IST" duration-ms="344" status="PASS">
          <params>
            <param index="0">
              <value>
                <![CDATA[org.testng.TestRunner@3fcb737]]>
              </value>
            </param>
          </params>
          <reporter-output>
          </reporter-output>
        </test-method> <!-- afterTest -->
      </class> <!-- testcasesrediffPortfolio.ManageSessionTest -->
      <class name="testcasesrediffPortfolio.ManagePortfolioTest">
        <test-method is-config="true" signature="beforeMethod(org.testng.ITestContext)[pri:0, instance:testcasesrediffPortfolio.ManagePortfolioTest@516be40f]" started-at="2025-12-06T13:38:19 IST" name="beforeMethod" finished-at="2025-12-06T13:38:19 IST" duration-ms="2" status="PASS">
          <params>
            <param index="0">
              <value>
                <![CDATA[org.testng.TestRunner@3fcb737]]>
              </value>
            </param>
          </params>
          <reporter-output>
          </reporter-output>
        </test-method> <!-- beforeMethod -->
        <test-method signature="selectePortfolio(org.testng.ITestContext)[pri:0, instance:testcasesrediffPortfolio.ManagePortfolioTest@516be40f]" started-at="2025-12-06T13:38:19 IST" name="selectePortfolio" finished-at="2025-12-06T13:38:24 IST" duration-ms="4874" status="PASS">
          <params>
            <param index="0">
              <value>
                <![CDATA[org.testng.TestRunner@3fcb737]]>
              </value>
            </param>
          </params>
          <reporter-output>
          </reporter-output>
        </test-method> <!-- selectePortfolio -->
        <test-method is-config="true" signature="afterMethod(org.testng.ITestContext)[pri:0, instance:testcasesrediffPortfolio.ManagePortfolioTest@516be40f]" started-at="2025-12-06T13:38:24 IST" name="afterMethod" finished-at="2025-12-06T13:38:24 IST" duration-ms="0" status="PASS">
          <params>
            <param index="0">
              <value>
                <![CDATA[org.testng.TestRunner@3fcb737]]>
              </value>
            </param>
          </params>
          <reporter-output>
          </reporter-output>
        </test-method> <!-- afterMethod -->
      </class> <!-- testcasesrediffPortfolio.ManagePortfolioTest -->
      <class name="testcasesrediffPortfolio.ManageStocksTest">
        <test-method is-config="true" signature="beforeMethod(org.testng.ITestContext)[pri:0, instance:testcasesrediffPortfolio.ManageStocksTest@3c0a50da]" started-at="2025-12-06T13:38:24 IST" name="beforeMethod" finished-at="2025-12-06T13:38:24 IST" duration-ms="7" status="PASS">
          <params>
            <param index="0">
              <value>
                <![CDATA[org.testng.TestRunner@3fcb737]]>
              </value>
            </param>
          </params>
          <reporter-output>
          </reporter-output>
        </test-method> <!-- beforeMethod -->
        <test-method signature="addStockTest(org.testng.ITestContext)[pri:0, instance:testcasesrediffPortfolio.ManageStocksTest@3c0a50da]" started-at="2025-12-06T13:38:24 IST" name="addStockTest" finished-at="2025-12-06T13:38:47 IST" duration-ms="22872" status="PASS">
          <params>
            <param index="0">
              <value>
                <![CDATA[org.testng.TestRunner@3fcb737]]>
              </value>
            </param>
          </params>
          <reporter-output>
          </reporter-output>
        </test-method> <!-- addStockTest -->
        <test-method is-config="true" signature="afterMethod(org.testng.ITestContext)[pri:0, instance:testcasesrediffPortfolio.ManageStocksTest@3c0a50da]" started-at="2025-12-06T13:38:47 IST" name="afterMethod" finished-at="2025-12-06T13:38:47 IST" duration-ms="10" status="PASS">
          <params>
            <param index="0">
              <value>
                <![CDATA[org.testng.TestRunner@3fcb737]]>
              </value>
            </param>
          </params>
          <reporter-output>
          </reporter-output>
        </test-method> <!-- afterMethod -->
        <test-method signature="verifyStockIsPresent(org.testng.ITestContext)[pri:0, instance:testcasesrediffPortfolio.ManageStocksTest@3c0a50da]" started-at="2025-12-06T13:38:47 IST" name="verifyStockIsPresent" finished-at="2025-12-06T13:39:48 IST" duration-ms="61031" status="PASS">
          <params>
            <param index="0">
              <value>
                <![CDATA[org.testng.TestRunner@3fcb737]]>
              </value>
            </param>
          </params>
          <reporter-output>
          </reporter-output>
        </test-method> <!-- verifyStockIsPresent -->
        <test-method is-config="true" signature="beforeMethod(org.testng.ITestContext)[pri:0, instance:testcasesrediffPortfolio.ManageStocksTest@3c0a50da]" started-at="2025-12-06T13:38:47 IST" name="beforeMethod" finished-at="2025-12-06T13:38:47 IST" duration-ms="0" status="PASS">
          <params>
            <param index="0">
              <value>
                <![CDATA[org.testng.TestRunner@3fcb737]]>
              </value>
            </param>
          </params>
          <reporter-output>
          </reporter-output>
        </test-method> <!-- beforeMethod -->
        <test-method signature="verifyTransictionHistory(java.lang.String,org.testng.ITestContext)[pri:0, instance:testcasesrediffPortfolio.ManageStocksTest@3c0a50da]" started-at="2025-12-06T13:39:48 IST" name="verifyTransictionHistory" finished-at="2025-12-06T13:40:51 IST" duration-ms="63300" status="PASS">
          <params>
            <param index="0">
              <value>
                <![CDATA[addStock]]>
              </value>
            </param>
            <param index="1">
              <value>
                <![CDATA[org.testng.TestRunner@3fcb737]]>
              </value>
            </param>
          </params>
          <reporter-output>
          </reporter-output>
        </test-method> <!-- verifyTransictionHistory -->
        <test-method is-config="true" signature="afterMethod(org.testng.ITestContext)[pri:0, instance:testcasesrediffPortfolio.ManageStocksTest@3c0a50da]" started-at="2025-12-06T13:39:48 IST" name="afterMethod" finished-at="2025-12-06T13:39:48 IST" duration-ms="0" status="PASS">
          <params>
            <param index="0">
              <value>
                <![CDATA[org.testng.TestRunner@3fcb737]]>
              </value>
            </param>
          </params>
          <reporter-output>
          </reporter-output>
        </test-method> <!-- afterMethod -->
        <test-method is-config="true" signature="beforeMethod(org.testng.ITestContext)[pri:0, instance:testcasesrediffPortfolio.ManageStocksTest@3c0a50da]" started-at="2025-12-06T13:39:48 IST" name="beforeMethod" finished-at="2025-12-06T13:39:48 IST" duration-ms="0" status="PASS">
          <params>
            <param index="0">
              <value>
                <![CDATA[org.testng.TestRunner@3fcb737]]>
              </value>
            </param>
          </params>
          <reporter-output>
          </reporter-output>
        </test-method> <!-- beforeMethod -->
        <test-method is-config="true" signature="afterMethod(org.testng.ITestContext)[pri:0, instance:testcasesrediffPortfolio.ManageStocksTest@3c0a50da]" started-at="2025-12-06T13:40:51 IST" name="afterMethod" finished-at="2025-12-06T13:40:51 IST" duration-ms="0" status="PASS">
          <params>
            <param index="0">
              <value>
                <![CDATA[org.testng.TestRunner@3fcb737]]>
              </value>
            </param>
          </params>
          <reporter-output>
          </reporter-output>
        </test-method> <!-- afterMethod -->
      </class> <!-- testcasesrediffPortfolio.ManageStocksTest -->
    </test> <!-- Manage Stocks : Add Stocks in Portfolio 2 -->
    <test started-at="2025-12-06T13:40:51 IST" name="Manage Stocks : Sell Stocks in Portfolio 1" finished-at="2025-12-06T13:46:56 IST" duration-ms="364982">
      <class name="testcasesrediffPortfolio.ManageSessionTest">
        <test-method is-config="true" signature="beforeTest(org.testng.ITestContext)[pri:0, instance:testcasesrediffPortfolio.ManageSessionTest@797badd3]" started-at="2025-12-06T13:40:51 IST" name="beforeTest" finished-at="2025-12-06T13:40:51 IST" duration-ms="1" status="PASS">
          <params>
            <param index="0">
              <value>
                <![CDATA[org.testng.TestRunner@4283f29b]]>
              </value>
            </param>
          </params>
          <reporter-output>
          </reporter-output>
        </test-method> <!-- beforeTest -->
        <test-method signature="doLogin()[pri:0, instance:testcasesrediffPortfolio.ManageSessionTest@797badd3]" started-at="2025-12-06T13:40:51 IST" name="doLogin" finished-at="2025-12-06T13:41:28 IST" duration-ms="36721" status="PASS">
          <reporter-output>
          </reporter-output>
        </test-method> <!-- doLogin -->
        <test-method is-config="true" signature="beforeMethod(org.testng.ITestContext)[pri:0, instance:testcasesrediffPortfolio.ManageSessionTest@797badd3]" started-at="2025-12-06T13:40:51 IST" name="beforeMethod" finished-at="2025-12-06T13:40:51 IST" duration-ms="0" status="PASS">
          <params>
            <param index="0">
              <value>
                <![CDATA[org.testng.TestRunner@4283f29b]]>
              </value>
            </param>
          </params>
          <reporter-output>
          </reporter-output>
        </test-method> <!-- beforeMethod -->
        <test-method is-config="true" signature="afterMethod(org.testng.ITestContext)[pri:0, instance:testcasesrediffPortfolio.ManageSessionTest@797badd3]" started-at="2025-12-06T13:41:28 IST" name="afterMethod" finished-at="2025-12-06T13:41:28 IST" duration-ms="0" status="PASS">
          <params>
            <param index="0">
              <value>
                <![CDATA[org.testng.TestRunner@4283f29b]]>
              </value>
            </param>
          </params>
          <reporter-output>
          </reporter-output>
        </test-method> <!-- afterMethod -->
        <test-method is-config="true" signature="afterTest(org.testng.ITestContext)[pri:0, instance:testcasesrediffPortfolio.ManageSessionTest@797badd3]" started-at="2025-12-06T13:46:56 IST" name="afterTest" finished-at="2025-12-06T13:46:56 IST" duration-ms="331" status="PASS">
          <params>
            <param index="0">
              <value>
                <![CDATA[org.testng.TestRunner@4283f29b]]>
              </value>
            </param>
          </params>
          <reporter-output>
          </reporter-output>
        </test-method> <!-- afterTest -->
      </class> <!-- testcasesrediffPortfolio.ManageSessionTest -->
      <class name="testcasesrediffPortfolio.ManagePortfolioTest">
        <test-method signature="selectePortfolio(org.testng.ITestContext)[pri:0, instance:testcasesrediffPortfolio.ManagePortfolioTest@77be656f]" started-at="2025-12-06T13:41:28 IST" name="selectePortfolio" finished-at="2025-12-06T13:41:34 IST" duration-ms="5920" status="PASS">
          <params>
            <param index="0">
              <value>
                <![CDATA[org.testng.TestRunner@4283f29b]]>
              </value>
            </param>
          </params>
          <reporter-output>
          </reporter-output>
        </test-method> <!-- selectePortfolio -->
        <test-method is-config="true" signature="beforeMethod(org.testng.ITestContext)[pri:0, instance:testcasesrediffPortfolio.ManagePortfolioTest@77be656f]" started-at="2025-12-06T13:41:28 IST" name="beforeMethod" finished-at="2025-12-06T13:41:28 IST" duration-ms="0" status="PASS">
          <params>
            <param index="0">
              <value>
                <![CDATA[org.testng.TestRunner@4283f29b]]>
              </value>
            </param>
          </params>
          <reporter-output>
          </reporter-output>
        </test-method> <!-- beforeMethod -->
        <test-method is-config="true" signature="afterMethod(org.testng.ITestContext)[pri:0, instance:testcasesrediffPortfolio.ManagePortfolioTest@77be656f]" started-at="2025-12-06T13:41:34 IST" name="afterMethod" finished-at="2025-12-06T13:41:34 IST" duration-ms="2" status="PASS">
          <params>
            <param index="0">
              <value>
                <![CDATA[org.testng.TestRunner@4283f29b]]>
              </value>
            </param>
          </params>
          <reporter-output>
          </reporter-output>
        </test-method> <!-- afterMethod -->
      </class> <!-- testcasesrediffPortfolio.ManagePortfolioTest -->
      <class name="testcasesrediffPortfolio.ManageStocksTest">
        <test-method signature="verifyStockIsPresent(org.testng.ITestContext)[pri:0, instance:testcasesrediffPortfolio.ManageStocksTest@19dc67c2]" started-at="2025-12-06T13:41:34 IST" name="verifyStockIsPresent" finished-at="2025-12-06T13:42:34 IST" duration-ms="60358" status="PASS">
          <params>
            <param index="0">
              <value>
                <![CDATA[org.testng.TestRunner@4283f29b]]>
              </value>
            </param>
          </params>
          <reporter-output>
          </reporter-output>
        </test-method> <!-- verifyStockIsPresent -->
        <test-method is-config="true" signature="beforeMethod(org.testng.ITestContext)[pri:0, instance:testcasesrediffPortfolio.ManageStocksTest@19dc67c2]" started-at="2025-12-06T13:41:34 IST" name="beforeMethod" finished-at="2025-12-06T13:41:34 IST" duration-ms="0" status="PASS">
          <params>
            <param index="0">
              <value>
                <![CDATA[org.testng.TestRunner@4283f29b]]>
              </value>
            </param>
          </params>
          <reporter-output>
          </reporter-output>
        </test-method> <!-- beforeMethod -->
        <test-method signature="modifyStock(java.lang.String,org.testng.ITestContext)[pri:0, instance:testcasesrediffPortfolio.ManageStocksTest@19dc67c2]" started-at="2025-12-06T13:42:34 IST" name="modifyStock" finished-at="2025-12-06T13:44:52 IST" duration-ms="138115" status="PASS">
          <params>
            <param index="0">
              <value>
                <![CDATA[sellStock]]>
              </value>
            </param>
            <param index="1">
              <value>
                <![CDATA[org.testng.TestRunner@4283f29b]]>
              </value>
            </param>
          </params>
          <reporter-output>
          </reporter-output>
        </test-method> <!-- modifyStock -->
        <test-method is-config="true" signature="beforeMethod(org.testng.ITestContext)[pri:0, instance:testcasesrediffPortfolio.ManageStocksTest@19dc67c2]" started-at="2025-12-06T13:42:34 IST" name="beforeMethod" finished-at="2025-12-06T13:42:34 IST" duration-ms="0" status="PASS">
          <params>
            <param index="0">
              <value>
                <![CDATA[org.testng.TestRunner@4283f29b]]>
              </value>
            </param>
          </params>
          <reporter-output>
          </reporter-output>
        </test-method> <!-- beforeMethod -->
        <test-method is-config="true" signature="afterMethod(org.testng.ITestContext)[pri:0, instance:testcasesrediffPortfolio.ManageStocksTest@19dc67c2]" started-at="2025-12-06T13:42:34 IST" name="afterMethod" finished-at="2025-12-06T13:42:34 IST" duration-ms="0" status="PASS">
          <params>
            <param index="0">
              <value>
                <![CDATA[org.testng.TestRunner@4283f29b]]>
              </value>
            </param>
          </params>
          <reporter-output>
          </reporter-output>
        </test-method> <!-- afterMethod -->
        <test-method is-config="true" signature="afterMethod(org.testng.ITestContext)[pri:0, instance:testcasesrediffPortfolio.ManageStocksTest@19dc67c2]" started-at="2025-12-06T13:44:52 IST" name="afterMethod" finished-at="2025-12-06T13:44:52 IST" duration-ms="2" status="PASS">
          <params>
            <param index="0">
              <value>
                <![CDATA[org.testng.TestRunner@4283f29b]]>
              </value>
            </param>
          </params>
          <reporter-output>
          </reporter-output>
        </test-method> <!-- afterMethod -->
        <test-method is-config="true" signature="beforeMethod(org.testng.ITestContext)[pri:0, instance:testcasesrediffPortfolio.ManageStocksTest@19dc67c2]" started-at="2025-12-06T13:44:52 IST" name="beforeMethod" finished-at="2025-12-06T13:44:52 IST" duration-ms="2" status="PASS">
          <params>
            <param index="0">
              <value>
                <![CDATA[org.testng.TestRunner@4283f29b]]>
              </value>
            </param>
          </params>
          <reporter-output>
          </reporter-output>
        </test-method> <!-- beforeMethod -->
        <test-method signature="verifyStockQuantity(java.lang.String,org.testng.ITestContext)[pri:0, instance:testcasesrediffPortfolio.ManageStocksTest@19dc67c2]" started-at="2025-12-06T13:44:52 IST" name="verifyStockQuantity" finished-at="2025-12-06T13:45:53 IST" duration-ms="60327" status="PASS">
          <params>
            <param index="0">
              <value>
                <![CDATA[sellStock]]>
              </value>
            </param>
            <param index="1">
              <value>
                <![CDATA[org.testng.TestRunner@4283f29b]]>
              </value>
            </param>
          </params>
          <reporter-output>
          </reporter-output>
        </test-method> <!-- verifyStockQuantity -->
        <test-method signature="verifyTransictionHistory(java.lang.String,org.testng.ITestContext)[pri:0, instance:testcasesrediffPortfolio.ManageStocksTest@19dc67c2]" started-at="2025-12-06T13:45:53 IST" name="verifyTransictionHistory" finished-at="2025-12-06T13:46:56 IST" duration-ms="63183" status="FAIL">
          <params>
            <param index="0">
              <value>
                <![CDATA[sellStock]]>
              </value>
            </param>
            <param index="1">
              <value>
                <![CDATA[org.testng.TestRunner@4283f29b]]>
              </value>
            </param>
          </params>
          <exception class="java.lang.AssertionError">
            <message>
              <![CDATA[The following asserts failed:
Got quantity in transection History as -100]]>
            </message>
            <full-stacktrace>
              <![CDATA[java.lang.AssertionError: The following asserts failed:
Got quantity in transection History as -100
at org.testng.asserts.SoftAssert.assertAll(SoftAssert.java:46)
at org.testng.asserts.SoftAssert.assertAll(SoftAssert.java:30)
at Keywords.GenericKeywords.reportAll(GenericKeywords.java:112)
at Keywords.GenericKeywords.reportFailure(GenericKeywords.java:100)
at testcasesrediffPortfolio.ManageStocksTest.verifyTransictionHistory(ManageStocksTest.java:87)
at java.base/jdk.internal.reflect.DirectMethodHandleAccessor.invoke(DirectMethodHandleAccessor.java:103)
at java.base/java.lang.reflect.Method.invoke(Method.java:580)
at org.testng.internal.invokers.MethodInvocationHelper.invokeMethod(MethodInvocationHelper.java:141)
at org.testng.internal.invokers.TestInvoker.invokeMethod(TestInvoker.java:687)
at org.testng.internal.invokers.TestInvoker.invokeTestMethod(TestInvoker.java:230)
at org.testng.internal.invokers.MethodRunner.runInSequence(MethodRunner.java:63)
at org.testng.internal.invokers.TestInvoker$MethodInvocationAgent.invoke(TestInvoker.java:995)
at org.testng.internal.invokers.TestInvoker.invokeTestMethods(TestInvoker.java:203)
at org.testng.internal.invokers.TestMethodWorker.invokeTestMethods(TestMethodWorker.java:154)
at org.testng.internal.invokers.TestMethodWorker.run(TestMethodWorker.java:134)
at java.base/java.util.ArrayList.forEach(ArrayList.java:1597)
at org.testng.TestRunner.privateRun(TestRunner.java:741)
at org.testng.TestRunner.run(TestRunner.java:616)
at org.testng.SuiteRunner.runTest(SuiteRunner.java:421)
at org.testng.SuiteRunner.runSequentially(SuiteRunner.java:413)
at org.testng.SuiteRunner.privateRun(SuiteRunner.java:373)
at org.testng.SuiteRunner.run(SuiteRunner.java:312)
at org.testng.SuiteRunnerWorker.runSuite(SuiteRunnerWorker.java:52)
at org.testng.SuiteRunnerWorker.run(SuiteRunnerWorker.java:95)
at org.testng.TestNG.runSuitesSequentially(TestNG.java:1274)
at org.testng.TestNG.runSuitesLocally(TestNG.java:1208)
at org.testng.TestNG.runSuites(TestNG.java:1112)
at org.testng.TestNG.run(TestNG.java:1079)
at runner.TestNGRunner.run(TestNGRunner.java:45)
at runner.JSONRunner.main(JSONRunner.java:118)
]]>
            </full-stacktrace>
          </exception> <!-- java.lang.AssertionError -->
          <reporter-output>
          </reporter-output>
        </test-method> <!-- verifyTransictionHistory -->
        <test-method is-config="true" signature="afterMethod(org.testng.ITestContext)[pri:0, instance:testcasesrediffPortfolio.ManageStocksTest@19dc67c2]" started-at="2025-12-06T13:45:53 IST" name="afterMethod" finished-at="2025-12-06T13:45:53 IST" duration-ms="0" status="PASS">
          <params>
            <param index="0">
              <value>
                <![CDATA[org.testng.TestRunner@4283f29b]]>
              </value>
            </param>
          </params>
          <reporter-output>
          </reporter-output>
        </test-method> <!-- afterMethod -->
        <test-method is-config="true" signature="beforeMethod(org.testng.ITestContext)[pri:0, instance:testcasesrediffPortfolio.ManageStocksTest@19dc67c2]" started-at="2025-12-06T13:45:53 IST" name="beforeMethod" finished-at="2025-12-06T13:45:53 IST" duration-ms="0" status="PASS">
          <params>
            <param index="0">
              <value>
                <![CDATA[org.testng.TestRunner@4283f29b]]>
              </value>
            </param>
          </params>
          <reporter-output>
          </reporter-output>
        </test-method> <!-- beforeMethod -->
        <test-method is-config="true" signature="afterMethod(org.testng.ITestContext)[pri:0, instance:testcasesrediffPortfolio.ManageStocksTest@19dc67c2]" started-at="2025-12-06T13:46:56 IST" name="afterMethod" finished-at="2025-12-06T13:46:56 IST" duration-ms="14" status="FAIL">
          <params>
            <param index="0">
              <value>
                <![CDATA[org.testng.TestRunner@4283f29b]]>
              </value>
            </param>
          </params>
          <exception class="java.lang.AssertionError">
            <message>
              <![CDATA[The following asserts failed:
Got quantity in transection History as -100]]>
            </message>
            <full-stacktrace>
              <![CDATA[java.lang.AssertionError: The following asserts failed:
Got quantity in transection History as -100
at org.testng.asserts.SoftAssert.assertAll(SoftAssert.java:46)
at org.testng.asserts.SoftAssert.assertAll(SoftAssert.java:30)
at Keywords.GenericKeywords.reportAll(GenericKeywords.java:112)
at testbase.BaseTest.afterMethod(BaseTest.java:101)
at java.base/jdk.internal.reflect.DirectMethodHandleAccessor.invoke(DirectMethodHandleAccessor.java:103)
at java.base/java.lang.reflect.Method.invoke(Method.java:580)
at org.testng.internal.invokers.MethodInvocationHelper.invokeMethod(MethodInvocationHelper.java:141)
at org.testng.internal.invokers.MethodInvocationHelper.invokeMethodConsideringTimeout(MethodInvocationHelper.java:71)
at org.testng.internal.invokers.ConfigInvoker.invokeConfigurationMethod(ConfigInvoker.java:400)
at org.testng.internal.invokers.ConfigInvoker.invokeConfigurations(ConfigInvoker.java:333)
at org.testng.internal.invokers.TestInvoker.runConfigMethods(TestInvoker.java:836)
at org.testng.internal.invokers.TestInvoker.runAfterConfigurations(TestInvoker.java:805)
at org.testng.internal.invokers.TestInvoker.invokeMethod(TestInvoker.java:781)
at org.testng.internal.invokers.TestInvoker.invokeTestMethod(TestInvoker.java:230)
at org.testng.internal.invokers.MethodRunner.runInSequence(MethodRunner.java:63)
at org.testng.internal.invokers.TestInvoker$MethodInvocationAgent.invoke(TestInvoker.java:995)
at org.testng.internal.invokers.TestInvoker.invokeTestMethods(TestInvoker.java:203)
at org.testng.internal.invokers.TestMethodWorker.invokeTestMethods(TestMethodWorker.java:154)
at org.testng.internal.invokers.TestMethodWorker.run(TestMethodWorker.java:134)
at java.base/java.util.ArrayList.forEach(ArrayList.java:1597)
at org.testng.TestRunner.privateRun(TestRunner.java:741)
at org.testng.TestRunner.run(TestRunner.java:616)
at org.testng.SuiteRunner.runTest(SuiteRunner.java:421)
at org.testng.SuiteRunner.runSequentially(SuiteRunner.java:413)
at org.testng.SuiteRunner.privateRun(SuiteRunner.java:373)
at org.testng.SuiteRunner.run(SuiteRunner.java:312)
at org.testng.SuiteRunnerWorker.runSuite(SuiteRunnerWorker.java:52)
at org.testng.SuiteRunnerWorker.run(SuiteRunnerWorker.java:95)
at org.testng.TestNG.runSuitesSequentially(TestNG.java:1274)
at org.testng.TestNG.runSuitesLocally(TestNG.java:1208)
at org.testng.TestNG.runSuites(TestNG.java:1112)
at org.testng.TestNG.run(TestNG.java:1079)
at runner.TestNGRunner.run(TestNGRunner.java:45)
at runner.JSONRunner.main(JSONRunner.java:118)
]]>
            </full-stacktrace>
          </exception> <!-- java.lang.AssertionError -->
          <reporter-output>
          </reporter-output>
        </test-method> <!-- afterMethod -->
      </class> <!-- testcasesrediffPortfolio.ManageStocksTest -->
    </test> <!-- Manage Stocks : Sell Stocks in Portfolio 1 -->
    <test started-at="2025-12-06T13:46:56 IST" name="Manage Stocks : Add Stocks in exsisting company in  Portfolio 1" finished-at="2025-12-06T13:53:07 IST" duration-ms="370689">
      <class name="testcasesrediffPortfolio.ManageSessionTest">
        <test-method is-config="true" signature="beforeTest(org.testng.ITestContext)[pri:0, instance:testcasesrediffPortfolio.ManageSessionTest@23a5fd2]" started-at="2025-12-06T13:46:56 IST" name="beforeTest" finished-at="2025-12-06T13:46:56 IST" duration-ms="1" status="PASS">
          <params>
            <param index="0">
              <value>
                <![CDATA[org.testng.TestRunner@352bccf]]>
              </value>
            </param>
          </params>
          <reporter-output>
          </reporter-output>
        </test-method> <!-- beforeTest -->
        <test-method signature="doLogin()[pri:0, instance:testcasesrediffPortfolio.ManageSessionTest@23a5fd2]" started-at="2025-12-06T13:46:56 IST" name="doLogin" finished-at="2025-12-06T13:47:33 IST" duration-ms="36946" status="PASS">
          <reporter-output>
          </reporter-output>
        </test-method> <!-- doLogin -->
        <test-method is-config="true" signature="beforeMethod(org.testng.ITestContext)[pri:0, instance:testcasesrediffPortfolio.ManageSessionTest@23a5fd2]" started-at="2025-12-06T13:46:56 IST" name="beforeMethod" finished-at="2025-12-06T13:46:56 IST" duration-ms="0" status="PASS">
          <params>
            <param index="0">
              <value>
                <![CDATA[org.testng.TestRunner@352bccf]]>
              </value>
            </param>
          </params>
          <reporter-output>
          </reporter-output>
        </test-method> <!-- beforeMethod -->
        <test-method is-config="true" signature="afterMethod(org.testng.ITestContext)[pri:0, instance:testcasesrediffPortfolio.ManageSessionTest@23a5fd2]" started-at="2025-12-06T13:47:33 IST" name="afterMethod" finished-at="2025-12-06T13:47:33 IST" duration-ms="0" status="PASS">
          <params>
            <param index="0">
              <value>
                <![CDATA[org.testng.TestRunner@352bccf]]>
              </value>
            </param>
          </params>
          <reporter-output>
          </reporter-output>
        </test-method> <!-- afterMethod -->
        <test-method is-config="true" signature="afterTest(org.testng.ITestContext)[pri:0, instance:testcasesrediffPortfolio.ManageSessionTest@23a5fd2]" started-at="2025-12-06T13:53:06 IST" name="afterTest" finished-at="2025-12-06T13:53:07 IST" duration-ms="626" status="PASS">
          <params>
            <param index="0">
              <value>
                <![CDATA[org.testng.TestRunner@352bccf]]>
              </value>
            </param>
          </params>
          <reporter-output>
          </reporter-output>
        </test-method> <!-- afterTest -->
      </class> <!-- testcasesrediffPortfolio.ManageSessionTest -->
      <class name="testcasesrediffPortfolio.ManagePortfolioTest">
        <test-method signature="selectePortfolio(org.testng.ITestContext)[pri:0, instance:testcasesrediffPortfolio.ManagePortfolioTest@78a2da20]" started-at="2025-12-06T13:47:33 IST" name="selectePortfolio" finished-at="2025-12-06T13:47:38 IST" duration-ms="5268" status="PASS">
          <params>
            <param index="0">
              <value>
                <![CDATA[org.testng.TestRunner@352bccf]]>
              </value>
            </param>
          </params>
          <reporter-output>
          </reporter-output>
        </test-method> <!-- selectePortfolio -->
        <test-method is-config="true" signature="beforeMethod(org.testng.ITestContext)[pri:0, instance:testcasesrediffPortfolio.ManagePortfolioTest@78a2da20]" started-at="2025-12-06T13:47:33 IST" name="beforeMethod" finished-at="2025-12-06T13:47:33 IST" duration-ms="0" status="PASS">
          <params>
            <param index="0">
              <value>
                <![CDATA[org.testng.TestRunner@352bccf]]>
              </value>
            </param>
          </params>
          <reporter-output>
          </reporter-output>
        </test-method> <!-- beforeMethod -->
        <test-method is-config="true" signature="afterMethod(org.testng.ITestContext)[pri:0, instance:testcasesrediffPortfolio.ManagePortfolioTest@78a2da20]" started-at="2025-12-06T13:47:38 IST" name="afterMethod" finished-at="2025-12-06T13:47:38 IST" duration-ms="0" status="PASS">
          <params>
            <param index="0">
              <value>
                <![CDATA[org.testng.TestRunner@352bccf]]>
              </value>
            </param>
          </params>
          <reporter-output>
          </reporter-output>
        </test-method> <!-- afterMethod -->
      </class> <!-- testcasesrediffPortfolio.ManagePortfolioTest -->
      <class name="testcasesrediffPortfolio.ManageStocksTest">
        <test-method signature="verifyStockIsPresent(org.testng.ITestContext)[pri:0, instance:testcasesrediffPortfolio.ManageStocksTest@dd3b207]" started-at="2025-12-06T13:47:38 IST" name="verifyStockIsPresent" finished-at="2025-12-06T13:48:39 IST" duration-ms="60318" status="PASS">
          <params>
            <param index="0">
              <value>
                <![CDATA[org.testng.TestRunner@352bccf]]>
              </value>
            </param>
          </params>
          <reporter-output>
          </reporter-output>
        </test-method> <!-- verifyStockIsPresent -->
        <test-method is-config="true" signature="beforeMethod(org.testng.ITestContext)[pri:0, instance:testcasesrediffPortfolio.ManageStocksTest@dd3b207]" started-at="2025-12-06T13:47:38 IST" name="beforeMethod" finished-at="2025-12-06T13:47:38 IST" duration-ms="0" status="PASS">
          <params>
            <param index="0">
              <value>
                <![CDATA[org.testng.TestRunner@352bccf]]>
              </value>
            </param>
          </params>
          <reporter-output>
          </reporter-output>
        </test-method> <!-- beforeMethod -->
        <test-method signature="modifyStock(java.lang.String,org.testng.ITestContext)[pri:0, instance:testcasesrediffPortfolio.ManageStocksTest@dd3b207]" started-at="2025-12-06T13:48:39 IST" name="modifyStock" finished-at="2025-12-06T13:51:03 IST" duration-ms="143799" status="PASS">
          <params>
            <param index="0">
              <value>
                <![CDATA[addStock]]>
              </value>
            </param>
            <param index="1">
              <value>
                <![CDATA[org.testng.TestRunner@352bccf]]>
              </value>
            </param>
          </params>
          <reporter-output>
          </reporter-output>
        </test-method> <!-- modifyStock -->
        <test-method is-config="true" signature="beforeMethod(org.testng.ITestContext)[pri:0, instance:testcasesrediffPortfolio.ManageStocksTest@dd3b207]" started-at="2025-12-06T13:48:39 IST" name="beforeMethod" finished-at="2025-12-06T13:48:39 IST" duration-ms="0" status="PASS">
          <params>
            <param index="0">
              <value>
                <![CDATA[org.testng.TestRunner@352bccf]]>
              </value>
            </param>
          </params>
          <reporter-output>
          </reporter-output>
        </test-method> <!-- beforeMethod -->
        <test-method is-config="true" signature="afterMethod(org.testng.ITestContext)[pri:0, instance:testcasesrediffPortfolio.ManageStocksTest@dd3b207]" started-at="2025-12-06T13:48:39 IST" name="afterMethod" finished-at="2025-12-06T13:48:39 IST" duration-ms="0" status="PASS">
          <params>
            <param index="0">
              <value>
                <![CDATA[org.testng.TestRunner@352bccf]]>
              </value>
            </param>
          </params>
          <reporter-output>
          </reporter-output>
        </test-method> <!-- afterMethod -->
        <test-method is-config="true" signature="afterMethod(org.testng.ITestContext)[pri:0, instance:testcasesrediffPortfolio.ManageStocksTest@dd3b207]" started-at="2025-12-06T13:51:03 IST" name="afterMethod" finished-at="2025-12-06T13:51:03 IST" duration-ms="8" status="PASS">
          <params>
            <param index="0">
              <value>
                <![CDATA[org.testng.TestRunner@352bccf]]>
              </value>
            </param>
          </params>
          <reporter-output>
          </reporter-output>
        </test-method> <!-- afterMethod -->
        <test-method is-config="true" signature="beforeMethod(org.testng.ITestContext)[pri:0, instance:testcasesrediffPortfolio.ManageStocksTest@dd3b207]" started-at="2025-12-06T13:51:03 IST" name="beforeMethod" finished-at="2025-12-06T13:51:03 IST" duration-ms="2" status="PASS">
          <params>
            <param index="0">
              <value>
                <![CDATA[org.testng.TestRunner@352bccf]]>
              </value>
            </param>
          </params>
          <reporter-output>
          </reporter-output>
        </test-method> <!-- beforeMethod -->
        <test-method signature="verifyStockQuantity(java.lang.String,org.testng.ITestContext)[pri:0, instance:testcasesrediffPortfolio.ManageStocksTest@dd3b207]" started-at="2025-12-06T13:51:03 IST" name="verifyStockQuantity" finished-at="2025-12-06T13:52:03 IST" duration-ms="60442" status="PASS">
          <params>
            <param index="0">
              <value>
                <![CDATA[addStock]]>
              </value>
            </param>
            <param index="1">
              <value>
                <![CDATA[org.testng.TestRunner@352bccf]]>
              </value>
            </param>
          </params>
          <reporter-output>
          </reporter-output>
        </test-method> <!-- verifyStockQuantity -->
        <test-method is-config="true" signature="afterMethod(org.testng.ITestContext)[pri:0, instance:testcasesrediffPortfolio.ManageStocksTest@dd3b207]" started-at="2025-12-06T13:52:03 IST" name="afterMethod" finished-at="2025-12-06T13:52:03 IST" duration-ms="3" status="PASS">
          <params>
            <param index="0">
              <value>
                <![CDATA[org.testng.TestRunner@352bccf]]>
              </value>
            </param>
          </params>
          <reporter-output>
          </reporter-output>
        </test-method> <!-- afterMethod -->
        <test-method signature="verifyTransictionHistory(java.lang.String,org.testng.ITestContext)[pri:0, instance:testcasesrediffPortfolio.ManageStocksTest@dd3b207]" started-at="2025-12-06T13:52:03 IST" name="verifyTransictionHistory" finished-at="2025-12-06T13:53:06 IST" duration-ms="63271" status="PASS">
          <params>
            <param index="0">
              <value>
                <![CDATA[addStock]]>
              </value>
            </param>
            <param index="1">
              <value>
                <![CDATA[org.testng.TestRunner@352bccf]]>
              </value>
            </param>
          </params>
          <reporter-output>
          </reporter-output>
        </test-method> <!-- verifyTransictionHistory -->
        <test-method is-config="true" signature="beforeMethod(org.testng.ITestContext)[pri:0, instance:testcasesrediffPortfolio.ManageStocksTest@dd3b207]" started-at="2025-12-06T13:52:03 IST" name="beforeMethod" finished-at="2025-12-06T13:52:03 IST" duration-ms="0" status="PASS">
          <params>
            <param index="0">
              <value>
                <![CDATA[org.testng.TestRunner@352bccf]]>
              </value>
            </param>
          </params>
          <reporter-output>
          </reporter-output>
        </test-method> <!-- beforeMethod -->
        <test-method is-config="true" signature="afterMethod(org.testng.ITestContext)[pri:0, instance:testcasesrediffPortfolio.ManageStocksTest@dd3b207]" started-at="2025-12-06T13:53:06 IST" name="afterMethod" finished-at="2025-12-06T13:53:06 IST" duration-ms="0" status="PASS">
          <params>
            <param index="0">
              <value>
                <![CDATA[org.testng.TestRunner@352bccf]]>
              </value>
            </param>
          </params>
          <reporter-output>
          </reporter-output>
        </test-method> <!-- afterMethod -->
      </class> <!-- testcasesrediffPortfolio.ManageStocksTest -->
    </test> <!-- Manage Stocks : Add Stocks in exsisting company in  Portfolio 1 -->
    <test started-at="2025-12-06T13:53:07 IST" name="Manage Stocks : Add Stocks in exsisting company in  Portfolio 2" finished-at="2025-12-06T13:59:25 IST" duration-ms="377735">
      <class name="testcasesrediffPortfolio.ManageSessionTest">
        <test-method is-config="true" signature="beforeTest(org.testng.ITestContext)[pri:0, instance:testcasesrediffPortfolio.ManageSessionTest@6b1274d2]" started-at="2025-12-06T13:53:07 IST" name="beforeTest" finished-at="2025-12-06T13:53:07 IST" duration-ms="4" status="PASS">
          <params>
            <param index="0">
              <value>
                <![CDATA[org.testng.TestRunner@5618b26b]]>
              </value>
            </param>
          </params>
          <reporter-output>
          </reporter-output>
        </test-method> <!-- beforeTest -->
        <test-method signature="doLogin()[pri:0, instance:testcasesrediffPortfolio.ManageSessionTest@6b1274d2]" started-at="2025-12-06T13:53:07 IST" name="doLogin" finished-at="2025-12-06T13:53:49 IST" duration-ms="41930" status="PASS">
          <reporter-output>
          </reporter-output>
        </test-method> <!-- doLogin -->
        <test-method is-config="true" signature="beforeMethod(org.testng.ITestContext)[pri:0, instance:testcasesrediffPortfolio.ManageSessionTest@6b1274d2]" started-at="2025-12-06T13:53:07 IST" name="beforeMethod" finished-at="2025-12-06T13:53:07 IST" duration-ms="0" status="PASS">
          <params>
            <param index="0">
              <value>
                <![CDATA[org.testng.TestRunner@5618b26b]]>
              </value>
            </param>
          </params>
          <reporter-output>
          </reporter-output>
        </test-method> <!-- beforeMethod -->
        <test-method is-config="true" signature="afterMethod(org.testng.ITestContext)[pri:0, instance:testcasesrediffPortfolio.ManageSessionTest@6b1274d2]" started-at="2025-12-06T13:53:49 IST" name="afterMethod" finished-at="2025-12-06T13:53:49 IST" duration-ms="3" status="PASS">
          <params>
            <param index="0">
              <value>
                <![CDATA[org.testng.TestRunner@5618b26b]]>
              </value>
            </param>
          </params>
          <reporter-output>
          </reporter-output>
        </test-method> <!-- afterMethod -->
        <test-method is-config="true" signature="afterTest(org.testng.ITestContext)[pri:0, instance:testcasesrediffPortfolio.ManageSessionTest@6b1274d2]" started-at="2025-12-06T13:59:24 IST" name="afterTest" finished-at="2025-12-06T13:59:25 IST" duration-ms="693" status="PASS">
          <params>
            <param index="0">
              <value>
                <![CDATA[org.testng.TestRunner@5618b26b]]>
              </value>
            </param>
          </params>
          <reporter-output>
          </reporter-output>
        </test-method> <!-- afterTest -->
      </class> <!-- testcasesrediffPortfolio.ManageSessionTest -->
      <class name="testcasesrediffPortfolio.ManagePortfolioTest">
        <test-method signature="selectePortfolio(org.testng.ITestContext)[pri:0, instance:testcasesrediffPortfolio.ManagePortfolioTest@7bc1a03d]" started-at="2025-12-06T13:53:49 IST" name="selectePortfolio" finished-at="2025-12-06T13:53:54 IST" duration-ms="5055" status="PASS">
          <params>
            <param index="0">
              <value>
                <![CDATA[org.testng.TestRunner@5618b26b]]>
              </value>
            </param>
          </params>
          <reporter-output>
          </reporter-output>
        </test-method> <!-- selectePortfolio -->
        <test-method is-config="true" signature="beforeMethod(org.testng.ITestContext)[pri:0, instance:testcasesrediffPortfolio.ManagePortfolioTest@7bc1a03d]" started-at="2025-12-06T13:53:49 IST" name="beforeMethod" finished-at="2025-12-06T13:53:49 IST" duration-ms="0" status="PASS">
          <params>
            <param index="0">
              <value>
                <![CDATA[org.testng.TestRunner@5618b26b]]>
              </value>
            </param>
          </params>
          <reporter-output>
          </reporter-output>
        </test-method> <!-- beforeMethod -->
        <test-method is-config="true" signature="afterMethod(org.testng.ITestContext)[pri:0, instance:testcasesrediffPortfolio.ManagePortfolioTest@7bc1a03d]" started-at="2025-12-06T13:53:54 IST" name="afterMethod" finished-at="2025-12-06T13:53:54 IST" duration-ms="0" status="PASS">
          <params>
            <param index="0">
              <value>
                <![CDATA[org.testng.TestRunner@5618b26b]]>
              </value>
            </param>
          </params>
          <reporter-output>
          </reporter-output>
        </test-method> <!-- afterMethod -->
      </class> <!-- testcasesrediffPortfolio.ManagePortfolioTest -->
      <class name="testcasesrediffPortfolio.ManageStocksTest">
        <test-method is-config="true" signature="beforeMethod(org.testng.ITestContext)[pri:0, instance:testcasesrediffPortfolio.ManageStocksTest@70b0b186]" started-at="2025-12-06T13:53:54 IST" name="beforeMethod" finished-at="2025-12-06T13:53:54 IST" duration-ms="1" status="PASS">
          <params>
            <param index="0">
              <value>
                <![CDATA[org.testng.TestRunner@5618b26b]]>
              </value>
            </param>
          </params>
          <reporter-output>
          </reporter-output>
        </test-method> <!-- beforeMethod -->
        <test-method signature="verifyStockIsPresent(org.testng.ITestContext)[pri:0, instance:testcasesrediffPortfolio.ManageStocksTest@70b0b186]" started-at="2025-12-06T13:53:54 IST" name="verifyStockIsPresent" finished-at="2025-12-06T13:54:55 IST" duration-ms="61017" status="PASS">
          <params>
            <param index="0">
              <value>
                <![CDATA[org.testng.TestRunner@5618b26b]]>
              </value>
            </param>
          </params>
          <reporter-output>
          </reporter-output>
        </test-method> <!-- verifyStockIsPresent -->
        <test-method is-config="true" signature="afterMethod(org.testng.ITestContext)[pri:0, instance:testcasesrediffPortfolio.ManageStocksTest@70b0b186]" started-at="2025-12-06T13:54:55 IST" name="afterMethod" finished-at="2025-12-06T13:54:55 IST" duration-ms="4" status="PASS">
          <params>
            <param index="0">
              <value>
                <![CDATA[org.testng.TestRunner@5618b26b]]>
              </value>
            </param>
          </params>
          <reporter-output>
          </reporter-output>
        </test-method> <!-- afterMethod -->
        <test-method signature="modifyStock(java.lang.String,org.testng.ITestContext)[pri:0, instance:testcasesrediffPortfolio.ManageStocksTest@70b0b186]" started-at="2025-12-06T13:54:55 IST" name="modifyStock" finished-at="2025-12-06T13:57:18 IST" duration-ms="143481" status="PASS">
          <params>
            <param index="0">
              <value>
                <![CDATA[addStock]]>
              </value>
            </param>
            <param index="1">
              <value>
                <![CDATA[org.testng.TestRunner@5618b26b]]>
              </value>
            </param>
          </params>
          <reporter-output>
          </reporter-output>
        </test-method> <!-- modifyStock -->
        <test-method is-config="true" signature="beforeMethod(org.testng.ITestContext)[pri:0, instance:testcasesrediffPortfolio.ManageStocksTest@70b0b186]" started-at="2025-12-06T13:54:55 IST" name="beforeMethod" finished-at="2025-12-06T13:54:55 IST" duration-ms="0" status="PASS">
          <params>
            <param index="0">
              <value>
                <![CDATA[org.testng.TestRunner@5618b26b]]>
              </value>
            </param>
          </params>
          <reporter-output>
          </reporter-output>
        </test-method> <!-- beforeMethod -->
        <test-method is-config="true" signature="afterMethod(org.testng.ITestContext)[pri:0, instance:testcasesrediffPortfolio.ManageStocksTest@70b0b186]" started-at="2025-12-06T13:57:18 IST" name="afterMethod" finished-at="2025-12-06T13:57:18 IST" duration-ms="0" status="PASS">
          <params>
            <param index="0">
              <value>
                <![CDATA[org.testng.TestRunner@5618b26b]]>
              </value>
            </param>
          </params>
          <reporter-output>
          </reporter-output>
        </test-method> <!-- afterMethod -->
        <test-method is-config="true" signature="beforeMethod(org.testng.ITestContext)[pri:0, instance:testcasesrediffPortfolio.ManageStocksTest@70b0b186]" started-at="2025-12-06T13:57:18 IST" name="beforeMethod" finished-at="2025-12-06T13:57:18 IST" duration-ms="0" status="PASS">
          <params>
            <param index="0">
              <value>
                <![CDATA[org.testng.TestRunner@5618b26b]]>
              </value>
            </param>
          </params>
          <reporter-output>
          </reporter-output>
        </test-method> <!-- beforeMethod -->
        <test-method signature="verifyStockQuantity(java.lang.String,org.testng.ITestContext)[pri:0, instance:testcasesrediffPortfolio.ManageStocksTest@70b0b186]" started-at="2025-12-06T13:57:18 IST" name="verifyStockQuantity" finished-at="2025-12-06T13:58:20 IST" duration-ms="61278" status="PASS">
          <params>
            <param index="0">
              <value>
                <![CDATA[addStock]]>
              </value>
            </param>
            <param index="1">
              <value>
                <![CDATA[org.testng.TestRunner@5618b26b]]>
              </value>
            </param>
          </params>
          <reporter-output>
          </reporter-output>
        </test-method> <!-- verifyStockQuantity -->
        <test-method is-config="true" signature="afterMethod(org.testng.ITestContext)[pri:0, instance:testcasesrediffPortfolio.ManageStocksTest@70b0b186]" started-at="2025-12-06T13:58:20 IST" name="afterMethod" finished-at="2025-12-06T13:58:20 IST" duration-ms="11" status="PASS">
          <params>
            <param index="0">
              <value>
                <![CDATA[org.testng.TestRunner@5618b26b]]>
              </value>
            </param>
          </params>
          <reporter-output>
          </reporter-output>
        </test-method> <!-- afterMethod -->
        <test-method signature="verifyTransictionHistory(java.lang.String,org.testng.ITestContext)[pri:0, instance:testcasesrediffPortfolio.ManageStocksTest@70b0b186]" started-at="2025-12-06T13:58:20 IST" name="verifyTransictionHistory" finished-at="2025-12-06T13:59:24 IST" duration-ms="64238" status="PASS">
          <params>
            <param index="0">
              <value>
                <![CDATA[addStock]]>
              </value>
            </param>
            <param index="1">
              <value>
                <![CDATA[org.testng.TestRunner@5618b26b]]>
              </value>
            </param>
          </params>
          <reporter-output>
          </reporter-output>
        </test-method> <!-- verifyTransictionHistory -->
        <test-method is-config="true" signature="beforeMethod(org.testng.ITestContext)[pri:0, instance:testcasesrediffPortfolio.ManageStocksTest@70b0b186]" started-at="2025-12-06T13:58:20 IST" name="beforeMethod" finished-at="2025-12-06T13:58:20 IST" duration-ms="0" status="PASS">
          <params>
            <param index="0">
              <value>
                <![CDATA[org.testng.TestRunner@5618b26b]]>
              </value>
            </param>
          </params>
          <reporter-output>
          </reporter-output>
        </test-method> <!-- beforeMethod -->
        <test-method is-config="true" signature="afterMethod(org.testng.ITestContext)[pri:0, instance:testcasesrediffPortfolio.ManageStocksTest@70b0b186]" started-at="2025-12-06T13:59:24 IST" name="afterMethod" finished-at="2025-12-06T13:59:24 IST" duration-ms="0" status="PASS">
          <params>
            <param index="0">
              <value>
                <![CDATA[org.testng.TestRunner@5618b26b]]>
              </value>
            </param>
          </params>
          <reporter-output>
          </reporter-output>
        </test-method> <!-- afterMethod -->
      </class> <!-- testcasesrediffPortfolio.ManageStocksTest -->
    </test> <!-- Manage Stocks : Add Stocks in exsisting company in  Portfolio 2 -->
  </suite> <!-- Manage Stocks -->
</testng-results>
