<?xml version="1.0" encoding="UTF-8"?>
<!-- Generated by org.testng.reporters.JUnitXMLReporter -->
<testsuite ignored="5" hostname="MSI" failures="0" tests="2" name="Manage Porfolio Suite : Create Portfolio Method 1" time="0.33" errors="0" timestamp="2025-12-06T12:31:46 IST">
  <testcase classname="testbase.BaseTest" name="@BeforeTest beforeTest" time="0.294">
    <skipped/>
  </testcase> <!-- @BeforeTest beforeTest -->
  <testcase classname="testbase.BaseTest" name="@AfterMethod afterMethod" time="0.001">
    <failure type="java.lang.NullPointerException" message="Cannot invoke &amp;quot;Keywords.ApplicationKeywords.reportAll()&amp;quot; because &amp;quot;this.app&amp;quot; is null">
      <![CDATA[java.lang.NullPointerException: Cannot invoke "Keywords.ApplicationKeywords.reportAll()" because "this.app" is null
at testbase.BaseTest.afterMethod(BaseTest.java:100)
at java.base/java.util.ArrayList.forEach(ArrayList.java:1597)
at runner.TestNGRunner.run(TestNGRunner.java:45)
at runner.JSONRunner.main(JSONRunner.java:118)
... Removed 27 stack frames]]>
    </failure>
  </testcase> <!-- @AfterMethod afterMethod -->
  <testcase classname="testbase.BaseTest" name="@AfterMethod afterMethod" time="0.0">
    <failure type="java.lang.NullPointerException" message="Cannot invoke &amp;quot;Keywords.ApplicationKeywords.reportAll()&amp;quot; because &amp;quot;this.app&amp;quot; is null">
      <![CDATA[java.lang.NullPointerException: Cannot invoke "Keywords.ApplicationKeywords.reportAll()" because "this.app" is null
at testbase.BaseTest.afterMethod(BaseTest.java:100)
at java.base/java.util.ArrayList.forEach(ArrayList.java:1597)
at runner.TestNGRunner.run(TestNGRunner.java:45)
at runner.JSONRunner.main(JSONRunner.java:118)
... Removed 27 stack frames]]>
    </failure>
  </testcase> <!-- @AfterMethod afterMethod -->
  <testcase classname="testbase.BaseTest" name="@AfterTest afterTest" time="0.0">
    <skipped/>
  </testcase> <!-- @AfterTest afterTest -->
  <testcase classname="testcasesrediffPortfolio.ManageSessionTest" name="doLogin" time="0.001">
    <skipped/>
  </testcase> <!-- doLogin -->
  <testcase classname="testcasesrediffPortfolio.ManagePortfolioTest" name="createPortfolio" time="0.0">
    <skipped/>
  </testcase> <!-- createPortfolio -->
  <testcase classname="testbase.BaseTest" name="@BeforeTest beforeTest" time="0.0">
    <ignored/>
  </testcase> <!-- @BeforeTest beforeTest -->
  <testcase classname="testcasesrediffPortfolio.ManageSessionTest" name="doLogOut" time="0.0">
    <ignored/>
  </testcase> <!-- doLogOut -->
  <testcase classname="testcasesrediffPortfolio.ManagePortfolioTest" name="deletePortfolio" time="0.0">
    <ignored/>
  </testcase> <!-- deletePortfolio -->
  <testcase classname="testbase.BaseTest" name="@AfterTest afterTest" time="0.0">
    <ignored/>
  </testcase> <!-- @AfterTest afterTest -->
  <testcase classname="testcasesrediffPortfolio.ManagePortfolioTest" name="selectePortfolio" time="0.0">
    <ignored/>
  </testcase> <!-- selectePortfolio -->
</testsuite> <!-- Manage Porfolio Suite : Create Portfolio Method 1 -->
