<?xml version="1.0" encoding="UTF-8"?>
<!-- Generated by org.testng.reporters.JUnitXMLReporter -->
<testsuite ignored="5" hostname="MSI" failures="0" tests="2" name="Manage Porfolio Suite : Create Portfolio Method 2" time="42.995" errors="0" timestamp="2025-12-06T12:32:29 IST">
  <testcase classname="testcasesrediffPortfolio.ManageSessionTest" name="doLogin" time="35.833"/>
  <testcase classname="testcasesrediffPortfolio.ManagePortfolioTest" name="createPortfolio" time="6.665"/>
  <testcase classname="testbase.BaseTest" name="@BeforeTest beforeTest" time="0.0">
    <ignored/>
  </testcase> <!-- @BeforeTest beforeTest -->
  <testcase classname="testcasesrediffPortfolio.ManagePortfolioTest" name="selectePortfolio" time="0.0">
    <ignored/>
  </testcase> <!-- selectePortfolio -->
  <testcase classname="testbase.BaseTest" name="@AfterTest afterTest" time="0.0">
    <ignored/>
  </testcase> <!-- @AfterTest afterTest -->
  <testcase classname="testcasesrediffPortfolio.ManageSessionTest" name="doLogOut" time="0.0">
    <ignored/>
  </testcase> <!-- doLogOut -->
  <testcase classname="testcasesrediffPortfolio.ManagePortfolioTest" name="deletePortfolio" time="0.0">
    <ignored/>
  </testcase> <!-- deletePortfolio -->
</testsuite> <!-- Manage Porfolio Suite : Create Portfolio Method 2 -->
