<?xml version="1.0" encoding="UTF-8"?>
<!-- Generated by org.testng.reporters.JUnitXMLReporter -->
<testsuite ignored="9" hostname="MSI" failures="1" tests="6" name="Add Stock  Test" time="162.117" errors="0" timestamp="2025-11-29T14:22:35 IST">
  <testcase classname="testbase.BaseTest" name="@AfterMethod afterMethod" time="0.002">
    <failure type="java.lang.AssertionError" message="The following asserts failed:
	YES Bankis not presnt in Stock List !!!">
      <![CDATA[java.lang.AssertionError: The following asserts failed:
YES Bankis not presnt in Stock List !!!
at Keywords.GenericKeywords.reportAll(GenericKeywords.java:112)
at testbase.BaseTest.afterMethod(BaseTest.java:73)
at java.base/java.util.ArrayList.forEach(ArrayList.java:1597)
... Removed 32 stack frames]]>
    </failure>
  </testcase> <!-- @AfterMethod afterMethod -->
  <testcase classname="testbase.BaseTest" name="@BeforeMethod beforeMethod" time="0.001">
    <skipped/>
  </testcase> <!-- @BeforeMethod beforeMethod -->
  <testcase classname="testbase.BaseTest" name="@AfterMethod afterMethod" time="0.001">
    <failure type="java.lang.AssertionError" message="The following asserts failed:
	YES Bankis not presnt in Stock List !!!">
      <![CDATA[java.lang.AssertionError: The following asserts failed:
YES Bankis not presnt in Stock List !!!
at Keywords.GenericKeywords.reportAll(GenericKeywords.java:112)
at testbase.BaseTest.afterMethod(BaseTest.java:73)
at java.base/java.util.ArrayList.forEach(ArrayList.java:1597)
... Removed 32 stack frames]]>
    </failure>
  </testcase> <!-- @AfterMethod afterMethod -->
  <testcase classname="testbase.BaseTest" name="@BeforeMethod beforeMethod" time="0.001">
    <skipped/>
  </testcase> <!-- @BeforeMethod beforeMethod -->
  <testcase classname="testbase.BaseTest" name="@AfterMethod afterMethod" time="0.001">
    <failure type="java.lang.AssertionError" message="The following asserts failed:
	YES Bankis not presnt in Stock List !!!">
      <![CDATA[java.lang.AssertionError: The following asserts failed:
YES Bankis not presnt in Stock List !!!
at Keywords.GenericKeywords.reportAll(GenericKeywords.java:112)
at testbase.BaseTest.afterMethod(BaseTest.java:73)
at java.base/java.util.ArrayList.forEach(ArrayList.java:1597)
... Removed 32 stack frames]]>
    </failure>
  </testcase> <!-- @AfterMethod afterMethod -->
  <testcase classname="testcasesrediffPortfolio.ManageSessionTest" name="doLogin" time="37.184"/>
  <testcase classname="testcasesrediffPortfolio.ManagePortfolioTest" name="selectePortfolio" time="21.074"/>
  <testcase classname="testcasesrediffPortfolio.ManageStocksTest" name="addStockTest" time="41.141"/>
  <testcase classname="testcasesrediffPortfolio.ManageStocksTest" name="verifyStockIsPresent" time="60.704">
    <failure type="java.lang.AssertionError" message="The following asserts failed:
	YES Bankis not presnt in Stock List !!!">
      <![CDATA[java.lang.AssertionError: The following asserts failed:
YES Bankis not presnt in Stock List !!!
at Keywords.GenericKeywords.reportAll(GenericKeywords.java:112)
at Keywords.GenericKeywords.reportFailure(GenericKeywords.java:100)
at testcasesrediffPortfolio.ManageStocksTest.verifyStockIsPresent(ManageStocksTest.java:123)
at java.base/java.util.ArrayList.forEach(ArrayList.java:1597)
... Removed 27 stack frames]]>
    </failure>
  </testcase> <!-- verifyStockIsPresent -->
  <testcase classname="testcasesrediffPortfolio.ManageStocksTest" name="verifyStockQuantity" time="0.0">
    <skipped/>
  </testcase> <!-- verifyStockQuantity -->
  <testcase classname="testcasesrediffPortfolio.ManageStocksTest" name="verifyTransictionHistory" time="0.0">
    <skipped/>
  </testcase> <!-- verifyTransictionHistory -->
  <testcase classname="testcasesrediffPortfolio.ManageSessionTest" name="doLogOut" time="0.0">
    <ignored/>
  </testcase> <!-- doLogOut -->
  <testcase classname="testbase.BaseTest" name="@AfterTest afterTest" time="0.0">
    <ignored/>
  </testcase> <!-- @AfterTest afterTest -->
  <testcase classname="testcasesrediffPortfolio.ManagePortfolioTest" name="createPortfolio" time="0.0">
    <ignored/>
  </testcase> <!-- createPortfolio -->
  <testcase classname="testbase.BaseTest" name="@BeforeTest beforeTest" time="0.0">
    <ignored/>
  </testcase> <!-- @BeforeTest beforeTest -->
  <testcase classname="testcasesrediffPortfolio.ManageStocksTest" name="modifyStock" time="0.0">
    <ignored/>
  </testcase> <!-- modifyStock -->
  <testcase classname="testbase.BaseTest" name="@AfterTest afterTest" time="0.0">
    <ignored/>
  </testcase> <!-- @AfterTest afterTest -->
  <testcase classname="testbase.BaseTest" name="@BeforeTest beforeTest" time="0.0">
    <ignored/>
  </testcase> <!-- @BeforeTest beforeTest -->
  <testcase classname="testcasesrediffPortfolio.ManagePortfolioTest" name="deletePortfolio" time="0.0">
    <ignored/>
  </testcase> <!-- deletePortfolio -->
  <testcase classname="testcasesrediffPortfolio.ManageStocksTest" name="modifyStockTest" time="0.0">
    <ignored/>
  </testcase> <!-- modifyStockTest -->
</testsuite> <!-- Add Stock  Test -->
