<?xml version="1.0" encoding="UTF-8"?>
<!-- Generated by org.testng.reporters.JUnitXMLReporter -->
<testsuite ignored="9" hostname="MSI" failures="2" tests="6" name="Modify Stock  Test -- Sell Stock" time="292.978" errors="0" timestamp="2025-11-26T14:41:38 IST">
  <testcase classname="testbase.BaseTest" name="@AfterMethod afterMethod" time="0.0">
    <failure type="java.lang.AssertionError" message="The following asserts failed:
	Expected Modified Quantity is not Matching">
      <![CDATA[java.lang.AssertionError: The following asserts failed:
Expected Modified Quantity is not Matching
at Keywords.GenericKeywords.reportAll(GenericKeywords.java:111)
at testbase.BaseTest.afterMethod(BaseTest.java:73)
at java.base/java.util.ArrayList.forEach(ArrayList.java:1597)
... Removed 32 stack frames]]>
    </failure>
  </testcase> <!-- @AfterMethod afterMethod -->
  <testcase classname="testbase.BaseTest" name="@BeforeMethod beforeMethod" time="0.0">
    <skipped/>
  </testcase> <!-- @BeforeMethod beforeMethod -->
  <testcase classname="testbase.BaseTest" name="@AfterMethod afterMethod" time="0.0">
    <failure type="java.lang.AssertionError" message="The following asserts failed:
	Expected Modified Quantity is not Matching">
      <![CDATA[java.lang.AssertionError: The following asserts failed:
Expected Modified Quantity is not Matching
at Keywords.GenericKeywords.reportAll(GenericKeywords.java:111)
at testbase.BaseTest.afterMethod(BaseTest.java:73)
at java.base/java.util.ArrayList.forEach(ArrayList.java:1597)
... Removed 32 stack frames]]>
    </failure>
  </testcase> <!-- @AfterMethod afterMethod -->
  <testcase classname="testcasesrediffPortfolio.ManageSessionTest" name="doLogin" time="37.64"/>
  <testcase classname="testcasesrediffPortfolio.ManagePortfolioTest" name="selectePortfolio" time="12.11"/>
  <testcase classname="testcasesrediffPortfolio.ManageStocksTest" name="verifyStockIsPresent" time="60.482"/>
  <testcase classname="testcasesrediffPortfolio.ManageStocksTest" name="modifyStock" time="121.455">
    <failure type="org.openqa.selenium.ElementClickInterceptedException" message="element click intercepted: Element is not clickable at point (646, 1235)
  (Session info: chrome=142.0.7444.176)
Build info: version: &amp;apos;4.35.0&amp;apos;, revision: &amp;apos;1c58e5028b&amp;apos;
System info: os.name: &amp;apos;Windows 11&amp;apos;, os.arch: &amp;apos;amd64&amp;apos;, os.version: &amp;apos;10.0&amp;apos;, java.version: &amp;apos;23.0.2&amp;apos;
Driver info: org.openqa.selenium.chrome.ChromeDriver
Command: [a893eff65a4a0be308bed49e4f678bdf, clickElement {id=f.90706C56B3F01CF679301F6CB32F8F5C.d.DD76E8E5DDB856236593F4B0D84F3CC9.e.422}]
Capabilities {acceptInsecureCerts: false, browserName: chrome, browserVersion: 142.0.7444.176, chrome: {chromedriverVersion: 142.0.7444.175 (302067f14a4..., userDataDir: C:\Users\owais\AppData\Loca...}, fedcm:accounts: true, goog:chromeOptions: {debuggerAddress: localhost:7303}, goog:processID: 8008, networkConnectionEnabled: false, pageLoadStrategy: normal, platformName: windows, proxy: Proxy(), se:cdp: ws://localhost:7303/devtool..., se:cdpVersion: 142.0.7444.176, setWindowRect: true, strictFileInteractability: false, timeouts: {implicit: 0, pageLoad: 300000, script: 30000}, unhandledPromptBehavior: dismiss and notify, webauthn:extension:credBlob: true, webauthn:extension:largeBlob: true, webauthn:extension:minPinLength: true, webauthn:extension:prf: true, webauthn:virtualAuthenticators: true}
Element: [[ChromeDriver: chrome on windows (a893eff65a4a0be308bed49e4f678bdf)] -&amp;gt; css selector: table#stock &amp;gt; tbody &amp;gt; tr:nth-child(1) input.radio]
Session ID: a893eff65a4a0be308bed49e4f678bdf">
      <![CDATA[org.openqa.selenium.ElementClickInterceptedException: element click intercepted: Element is not clickable at point (646, 1235)
  (Session info: chrome=142.0.7444.176)
Build info: version: '4.35.0', revision: '1c58e5028b'
System info: os.name: 'Windows 11', os.arch: 'amd64', os.version: '10.0', java.version: '23.0.2'
Driver info: org.openqa.selenium.chrome.ChromeDriver
Command: [a893eff65a4a0be308bed49e4f678bdf, clickElement {id=f.90706C56B3F01CF679301F6CB32F8F5C.d.DD76E8E5DDB856236593F4B0D84F3CC9.e.422}]
Capabilities {acceptInsecureCerts: false, browserName: chrome, browserVersion: 142.0.7444.176, chrome: {chromedriverVersion: 142.0.7444.175 (302067f14a4..., userDataDir: C:\Users\owais\AppData\Loca...}, fedcm:accounts: true, goog:chromeOptions: {debuggerAddress: localhost:7303}, goog:processID: 8008, networkConnectionEnabled: false, pageLoadStrategy: normal, platformName: windows, proxy: Proxy(), se:cdp: ws://localhost:7303/devtool..., se:cdpVersion: 142.0.7444.176, setWindowRect: true, strictFileInteractability: false, timeouts: {implicit: 0, pageLoad: 300000, script: 30000}, unhandledPromptBehavior: dismiss and notify, webauthn:extension:credBlob: true, webauthn:extension:largeBlob: true, webauthn:extension:minPinLength: true, webauthn:extension:prf: true, webauthn:virtualAuthenticators: true}
Element: [[ChromeDriver: chrome on windows (a893eff65a4a0be308bed49e4f678bdf)] -> css selector: table#stock > tbody > tr:nth-child(1) input.radio]
Session ID: a893eff65a4a0be308bed49e4f678bdf
at org.openqa.selenium.remote.ErrorCodec.decode(ErrorCodec.java:167)
at org.openqa.selenium.remote.codec.w3c.W3CHttpResponseCodec.decode(W3CHttpResponseCodec.java:138)
at org.openqa.selenium.remote.codec.w3c.W3CHttpResponseCodec.decode(W3CHttpResponseCodec.java:50)
at org.openqa.selenium.remote.HttpCommandExecutor.execute(HttpCommandExecutor.java:215)
at org.openqa.selenium.remote.service.DriverCommandExecutor.invokeExecute(DriverCommandExecutor.java:216)
at org.openqa.selenium.remote.service.DriverCommandExecutor.execute(DriverCommandExecutor.java:174)
at org.openqa.selenium.remote.RemoteWebDriver.execute(RemoteWebDriver.java:557)
at org.openqa.selenium.remote.RemoteWebElement.execute(RemoteWebElement.java:223)
at org.openqa.selenium.remote.RemoteWebElement.click(RemoteWebElement.java:76)
at Keywords.ApplicationKeywords.goToBuySell(ApplicationKeywords.java:33)
at testcasesrediffPortfolio.ManageStocksTest.modifyStock(ManageStocksTest.java:26)
at java.base/java.util.ArrayList.forEach(ArrayList.java:1597)
... Removed 28 stack frames]]>
    </failure>
  </testcase> <!-- modifyStock -->
  <testcase classname="testcasesrediffPortfolio.ManageStocksTest" name="verifyStockQuantity" time="60.315">
    <failure type="java.lang.AssertionError" message="The following asserts failed:
	Expected Modified Quantity is not Matching">
      <![CDATA[java.lang.AssertionError: The following asserts failed:
Expected Modified Quantity is not Matching
at Keywords.GenericKeywords.reportAll(GenericKeywords.java:111)
at Keywords.GenericKeywords.reportFailure(GenericKeywords.java:99)
at testcasesrediffPortfolio.ManageStocksTest.verifyStockQuantity(ManageStocksTest.java:58)
at java.base/java.util.ArrayList.forEach(ArrayList.java:1597)
... Removed 27 stack frames]]>
    </failure>
  </testcase> <!-- verifyStockQuantity -->
  <testcase classname="testcasesrediffPortfolio.ManageStocksTest" name="verifyTransictionHistory" time="0.0">
    <skipped/>
  </testcase> <!-- verifyTransictionHistory -->
  <testcase classname="testbase.BaseTest" name="@AfterTest afterTest" time="0.0">
    <ignored/>
  </testcase> <!-- @AfterTest afterTest -->
  <testcase classname="testcasesrediffPortfolio.ManagePortfolioTest" name="createPortfolio" time="0.0">
    <ignored/>
  </testcase> <!-- createPortfolio -->
  <testcase classname="testcasesrediffPortfolio.ManageSessionTest" name="doLogOut" time="0.0">
    <ignored/>
  </testcase> <!-- doLogOut -->
  <testcase classname="testcasesrediffPortfolio.ManagePortfolioTest" name="deletePortfolio" time="0.0">
    <ignored/>
  </testcase> <!-- deletePortfolio -->
  <testcase classname="testcasesrediffPortfolio.ManageStocksTest" name="addStockTest" time="0.0">
    <ignored/>
  </testcase> <!-- addStockTest -->
  <testcase classname="testbase.BaseTest" name="@BeforeTest beforeTest" time="0.0">
    <ignored/>
  </testcase> <!-- @BeforeTest beforeTest -->
  <testcase classname="testbase.BaseTest" name="@AfterTest afterTest" time="0.0">
    <ignored/>
  </testcase> <!-- @AfterTest afterTest -->
  <testcase classname="testcasesrediffPortfolio.ManageStocksTest" name="modifyStockTest" time="0.0">
    <ignored/>
  </testcase> <!-- modifyStockTest -->
  <testcase classname="testbase.BaseTest" name="@BeforeTest beforeTest" time="0.0">
    <ignored/>
  </testcase> <!-- @BeforeTest beforeTest -->
</testsuite> <!-- Modify Stock  Test - Sell Stock -->
