<?xml version="1.0" encoding="UTF-8"?>
<!-- Generated by org.testng.reporters.JUnitXMLReporter -->
<testsuite ignored="0" hostname="MSI" failures="0" tests="6" name="Test" time="0.084" errors="0" timestamp="2025-11-15T15:06:59 IST">
  <testcase classname="testcasesrediffPortfolio.ManageSessionTest" name="doLogin" time="0.01"/>
  <testcase classname="testcasesrediffPortfolio.ManageSessionTest" name="doLogOut" time="0.001"/>
  <testcase classname="testcasesrediffPortfolio.ManagePortfolioTest" name="createPortfolio" time="0.003"/>
  <testcase classname="testcasesrediffPortfolio.ManagePortfolioTest" name="deletePortfolio" time="0.002"/>
  <testcase classname="testcasesrediffPortfolio.ManageStocksTest" name="addStockTest" time="0.002"/>
  <testcase classname="testcasesrediffPortfolio.ManageStocksTest" name="modifyStockTest" time="0.001"/>
</testsuite> <!-- Test -->
