<?xml version="1.0" encoding="UTF-8"?>
<!-- Generated by org.testng.reporters.JUnitXMLReporter -->
<testsuite ignored="10" hostname="MSI" failures="1" tests="5" name="Manage Stocks : Add Stocks in Portfolio 1" time="168.996" errors="0" timestamp="2025-12-06T13:37:43 IST">
  <testcase classname="testcasesrediffPortfolio.ManageSessionTest" name="doLogin" time="37.145"/>
  <testcase classname="testcasesrediffPortfolio.ManagePortfolioTest" name="selectePortfolio" time="8.575"/>
  <testcase classname="testcasesrediffPortfolio.ManageStocksTest" name="addStockTest" time="40.744"/>
  <testcase classname="testcasesrediffPortfolio.ManageStocksTest" name="verifyStockIsPresent" time="18.476">
    <failure type="org.openqa.selenium.StaleElementReferenceException" message="stale element reference: stale element not found
  (Session info: chrome=142.0.7444.176)
For documentation on this error, please visit: https://www.selenium.dev/documentation/webdriver/troubleshooting/errors#stale-element-reference-exception
Build info: version: &amp;apos;4.35.0&amp;apos;, revision: &amp;apos;1c58e5028b&amp;apos;
System info: os.name: &amp;apos;Windows 11&amp;apos;, os.arch: &amp;apos;amd64&amp;apos;, os.version: &amp;apos;10.0&amp;apos;, java.version: &amp;apos;23.0.2&amp;apos;
Driver info: org.openqa.selenium.chrome.ChromeDriver
Command: [a5646baa7c8c7290096f091880115683, findChildElements {using=tag name, value=td, id=f.9DA39E1757B834EAFA5735E1F9FD8C46.d.796E6969DFECACBFB2A327DD8FFF7406.e.539}]
Capabilities {acceptInsecureCerts: false, browserName: chrome, browserVersion: 142.0.7444.176, chrome: {chromedriverVersion: 142.0.7444.175 (302067f14a4..., userDataDir: C:\Users\owais\AppData\Loca...}, fedcm:accounts: true, goog:chromeOptions: {debuggerAddress: localhost:24295}, goog:processID: 5152, networkConnectionEnabled: false, pageLoadStrategy: normal, platformName: windows, proxy: Proxy(), se:cdp: ws://localhost:24295/devtoo..., se:cdpVersion: 142.0.7444.176, setWindowRect: true, strictFileInteractability: false, timeouts: {implicit: 0, pageLoad: 300000, script: 30000}, unhandledPromptBehavior: dismiss and notify, webauthn:extension:credBlob: true, webauthn:extension:largeBlob: true, webauthn:extension:minPinLength: true, webauthn:extension:prf: true, webauthn:virtualAuthenticators: true}
Session ID: a5646baa7c8c7290096f091880115683">
      <![CDATA[org.openqa.selenium.StaleElementReferenceException: stale element reference: stale element not found
  (Session info: chrome=142.0.7444.176)
For documentation on this error, please visit: https://www.selenium.dev/documentation/webdriver/troubleshooting/errors#stale-element-reference-exception
Build info: version: '4.35.0', revision: '1c58e5028b'
System info: os.name: 'Windows 11', os.arch: 'amd64', os.version: '10.0', java.version: '23.0.2'
Driver info: org.openqa.selenium.chrome.ChromeDriver
Command: [a5646baa7c8c7290096f091880115683, findChildElements {using=tag name, value=td, id=f.9DA39E1757B834EAFA5735E1F9FD8C46.d.796E6969DFECACBFB2A327DD8FFF7406.e.539}]
Capabilities {acceptInsecureCerts: false, browserName: chrome, browserVersion: 142.0.7444.176, chrome: {chromedriverVersion: 142.0.7444.175 (302067f14a4..., userDataDir: C:\Users\owais\AppData\Loca...}, fedcm:accounts: true, goog:chromeOptions: {debuggerAddress: localhost:24295}, goog:processID: 5152, networkConnectionEnabled: false, pageLoadStrategy: normal, platformName: windows, proxy: Proxy(), se:cdp: ws://localhost:24295/devtoo..., se:cdpVersion: 142.0.7444.176, setWindowRect: true, strictFileInteractability: false, timeouts: {implicit: 0, pageLoad: 300000, script: 30000}, unhandledPromptBehavior: dismiss and notify, webauthn:extension:credBlob: true, webauthn:extension:largeBlob: true, webauthn:extension:minPinLength: true, webauthn:extension:prf: true, webauthn:virtualAuthenticators: true}
Session ID: a5646baa7c8c7290096f091880115683
at org.openqa.selenium.remote.ErrorCodec.decode(ErrorCodec.java:167)
at org.openqa.selenium.remote.codec.w3c.W3CHttpResponseCodec.decode(W3CHttpResponseCodec.java:138)
at org.openqa.selenium.remote.codec.w3c.W3CHttpResponseCodec.decode(W3CHttpResponseCodec.java:50)
at org.openqa.selenium.remote.HttpCommandExecutor.execute(HttpCommandExecutor.java:215)
at org.openqa.selenium.remote.service.DriverCommandExecutor.invokeExecute(DriverCommandExecutor.java:216)
at org.openqa.selenium.remote.service.DriverCommandExecutor.execute(DriverCommandExecutor.java:174)
at org.openqa.selenium.remote.RemoteWebDriver.execute(RemoteWebDriver.java:557)
at org.openqa.selenium.remote.ElementLocation$ElementFinder$2.findElements(ElementLocation.java:182)
at org.openqa.selenium.remote.ElementLocation.findElements(ElementLocation.java:103)
at org.openqa.selenium.remote.RemoteWebDriver.findElements(RemoteWebDriver.java:393)
at org.openqa.selenium.remote.RemoteWebElement.findElements(RemoteWebElement.java:203)
at Keywords.ApplicationKeywords.getRowNumWithCellData(ApplicationKeywords.java:109)
at testcasesrediffPortfolio.ManageStocksTest.verifyStockIsPresent(ManageStocksTest.java:126)
at java.base/java.util.ArrayList.forEach(ArrayList.java:1597)
at runner.TestNGRunner.run(TestNGRunner.java:45)
at runner.JSONRunner.main(JSONRunner.java:118)
... Removed 25 stack frames]]>
    </failure>
  </testcase> <!-- verifyStockIsPresent -->
  <testcase classname="testcasesrediffPortfolio.ManageStocksTest" name="verifyTransictionHistory" time="62.955"/>
  <testcase classname="testbase.BaseTest" name="@AfterTest afterTest" time="0.0">
    <ignored/>
  </testcase> <!-- @AfterTest afterTest -->
  <testcase classname="testbase.BaseTest" name="@BeforeTest beforeTest" time="0.0">
    <ignored/>
  </testcase> <!-- @BeforeTest beforeTest -->
  <testcase classname="testcasesrediffPortfolio.ManagePortfolioTest" name="createPortfolio" time="0.0">
    <ignored/>
  </testcase> <!-- createPortfolio -->
  <testcase classname="testcasesrediffPortfolio.ManageSessionTest" name="doLogOut" time="0.0">
    <ignored/>
  </testcase> <!-- doLogOut -->
  <testcase classname="testcasesrediffPortfolio.ManageStocksTest" name="modifyStockTest" time="0.0">
    <ignored/>
  </testcase> <!-- modifyStockTest -->
  <testcase classname="testcasesrediffPortfolio.ManageStocksTest" name="verifyStockQuantity" time="0.0">
    <ignored/>
  </testcase> <!-- verifyStockQuantity -->
  <testcase classname="testbase.BaseTest" name="@AfterTest afterTest" time="0.0">
    <ignored/>
  </testcase> <!-- @AfterTest afterTest -->
  <testcase classname="testbase.BaseTest" name="@BeforeTest beforeTest" time="0.0">
    <ignored/>
  </testcase> <!-- @BeforeTest beforeTest -->
  <testcase classname="testcasesrediffPortfolio.ManagePortfolioTest" name="deletePortfolio" time="0.0">
    <ignored/>
  </testcase> <!-- deletePortfolio -->
  <testcase classname="testcasesrediffPortfolio.ManageStocksTest" name="modifyStock" time="0.0">
    <ignored/>
  </testcase> <!-- modifyStock -->
</testsuite> <!-- Manage Stocks : Add Stocks in Portfolio 1 -->
