<?xml version="1.0" encoding="UTF-8"?>
<!-- Generated by org.testng.reporters.JUnitXMLReporter -->
<testsuite ignored="9" hostname="MSI" failures="0" tests="6" name="Manage Stocks : Add Stocks in exsisting company in  Portfolio 2" time="377.735" errors="0" timestamp="2025-12-06T13:59:25 IST">
  <testcase classname="testcasesrediffPortfolio.ManageSessionTest" name="doLogin" time="41.93"/>
  <testcase classname="testcasesrediffPortfolio.ManagePortfolioTest" name="selectePortfolio" time="5.055"/>
  <testcase classname="testcasesrediffPortfolio.ManageStocksTest" name="verifyStockIsPresent" time="61.017"/>
  <testcase classname="testcasesrediffPortfolio.ManageStocksTest" name="modifyStock" time="143.481"/>
  <testcase classname="testcasesrediffPortfolio.ManageStocksTest" name="verifyStockQuantity" time="61.278"/>
  <testcase classname="testcasesrediffPortfolio.ManageStocksTest" name="verifyTransictionHistory" time="64.238"/>
  <testcase classname="testcasesrediffPortfolio.ManageSessionTest" name="doLogOut" time="0.0">
    <ignored/>
  </testcase> <!-- doLogOut -->
  <testcase classname="testcasesrediffPortfolio.ManageStocksTest" name="modifyStockTest" time="0.0">
    <ignored/>
  </testcase> <!-- modifyStockTest -->
  <testcase classname="testcasesrediffPortfolio.ManagePortfolioTest" name="deletePortfolio" time="0.0">
    <ignored/>
  </testcase> <!-- deletePortfolio -->
  <testcase classname="testcasesrediffPortfolio.ManageStocksTest" name="addStockTest" time="0.0">
    <ignored/>
  </testcase> <!-- addStockTest -->
  <testcase classname="testcasesrediffPortfolio.ManagePortfolioTest" name="createPortfolio" time="0.0">
    <ignored/>
  </testcase> <!-- createPortfolio -->
  <testcase classname="testbase.BaseTest" name="@AfterTest afterTest" time="0.0">
    <ignored/>
  </testcase> <!-- @AfterTest afterTest -->
  <testcase classname="testbase.BaseTest" name="@BeforeTest beforeTest" time="0.0">
    <ignored/>
  </testcase> <!-- @BeforeTest beforeTest -->
  <testcase classname="testbase.BaseTest" name="@BeforeTest beforeTest" time="0.0">
    <ignored/>
  </testcase> <!-- @BeforeTest beforeTest -->
  <testcase classname="testbase.BaseTest" name="@AfterTest afterTest" time="0.0">
    <ignored/>
  </testcase> <!-- @AfterTest afterTest -->
</testsuite> <!-- Manage Stocks : Add Stocks in exsisting company in  Portfolio 2 -->
