<?xml version="1.0" encoding="UTF-8"?>
<!-- Generated by org.testng.reporters.JUnitXMLReporter -->
<testsuite ignored="9" hostname="MSI" failures="1" tests="6" name="Sell Stocks in Portfolio" time="358.028" errors="0" timestamp="2025-12-04T12:39:05 IST">
  <testcase classname="testcasesrediffPortfolio.ManageSessionTest" name="doLogin" time="35.446"/>
  <testcase classname="testcasesrediffPortfolio.ManagePortfolioTest" name="selectePortfolio" time="4.458"/>
  <testcase classname="testcasesrediffPortfolio.ManageStocksTest" name="verifyStockIsPresent" time="60.114"/>
  <testcase classname="testcasesrediffPortfolio.ManageStocksTest" name="modifyStock" time="134.99"/>
  <testcase classname="testcasesrediffPortfolio.ManageStocksTest" name="verifyStockQuantity" time="60.228"/>
  <testcase classname="testcasesrediffPortfolio.ManageStocksTest" name="verifyTransictionHistory" time="62.492">
    <failure type="java.lang.AssertionError" message="The following asserts failed:
	Got quantity in transection History as -100">
      <![CDATA[java.lang.AssertionError: The following asserts failed:
Got quantity in transection History as -100
at Keywords.GenericKeywords.reportAll(GenericKeywords.java:112)
at Keywords.GenericKeywords.reportFailure(GenericKeywords.java:100)
at testcasesrediffPortfolio.ManageStocksTest.verifyTransictionHistory(ManageStocksTest.java:83)
at java.base/java.util.ArrayList.forEach(ArrayList.java:1597)
at runner.TestNGRunner.run(TestNGRunner.java:45)
at runner.JSONRunner.main(JSONRunner.java:99)
... Removed 24 stack frames]]>
    </failure>
  </testcase> <!-- verifyTransictionHistory -->
  <testcase classname="testbase.BaseTest" name="@BeforeTest beforeTest" time="0.0">
    <ignored/>
  </testcase> <!-- @BeforeTest beforeTest -->
  <testcase classname="testbase.BaseTest" name="@BeforeTest beforeTest" time="0.0">
    <ignored/>
  </testcase> <!-- @BeforeTest beforeTest -->
  <testcase classname="testcasesrediffPortfolio.ManageSessionTest" name="doLogOut" time="0.0">
    <ignored/>
  </testcase> <!-- doLogOut -->
  <testcase classname="testcasesrediffPortfolio.ManagePortfolioTest" name="createPortfolio" time="0.0">
    <ignored/>
  </testcase> <!-- createPortfolio -->
  <testcase classname="testcasesrediffPortfolio.ManageStocksTest" name="addStockTest" time="0.0">
    <ignored/>
  </testcase> <!-- addStockTest -->
  <testcase classname="testcasesrediffPortfolio.ManageStocksTest" name="modifyStockTest" time="0.0">
    <ignored/>
  </testcase> <!-- modifyStockTest -->
  <testcase classname="testcasesrediffPortfolio.ManagePortfolioTest" name="deletePortfolio" time="0.0">
    <ignored/>
  </testcase> <!-- deletePortfolio -->
  <testcase classname="testbase.BaseTest" name="@AfterTest afterTest" time="0.0">
    <ignored/>
  </testcase> <!-- @AfterTest afterTest -->
  <testcase classname="testbase.BaseTest" name="@AfterTest afterTest" time="0.0">
    <ignored/>
  </testcase> <!-- @AfterTest afterTest -->
</testsuite> <!-- Sell Stocks in Portfolio -->
